rm -Rf tracer.exe tracer.dis
/opt/homebrew/bin/riscv64-unknown-elf-g++ -g -O0 -march=rv32i -mabi=ilp32 -o  tracer.exe tracer.c
/opt/homebrew/bin/riscv64-unknown-elf-objdump -D --source  tracer.exe > tracer.dis

WARNING: Building component "cpu" with no links assigned.
RevCPU[cpu:RevCPU:0]: Building Rev with 1 cores and 1 hart(s) on each core 
RevCPU[cpu:InitThread:0]: Initializing Thread 1
RevCPU[cpu:RevCPU:0]: 
*******                   
/**////**                  
/**   /**   *****  **    **
/*******   **///**/**   /**
/**///**  /*******//** /** 
/**  //** /**////  //****  
/**   //**//******  //**   
//     //  //////    //    

RevCPU[cpu:RevCPU:0]: Initialization of RevCPUs complete.
RevCPU[cpu:AssignThread:1000]: Assigning Thread 1 to Processor 0
RevCPU[cpu:InstTrace:9032000]: Core 0 ; Thread 0]; *I 0x102d4:00104013  + xori    zero, zero, 1	 0x0<-zero zero<-0x0 pc<-0x102d8 
RevCPU[cpu:InstTrace:9033000]: Core 0 ; Thread 0]; *I 0x102d8:01400593    li      a1, 20	 0x0<-zero a1<-0x14 
RevCPU[cpu:InstTrace:9034000]: Core 0 ; Thread 0]; *I 0x102dc:fec42503    lw      a0, -20(s0)	 0x3ffffba0<-s0 0x000007d0<-[0x3ffffb8c,4] a0<-0x7d0 
RevCPU[cpu:InstTrace:9035000]: Core 0 ; Thread 0]; *I 0x102e0:eb1ff0ef    jal     pc - 0x150	 ra<-0x102e4 pc<-0x10190 <_Z8long_subii> 
RevCPU[cpu:InstTrace:9037000]: Core 0 ; Thread 0]; *I 0x10190:fd010113    addi    sp, sp, -48	 0x3ffffb60<-sp sp<-0x3ffffb30 
RevCPU[cpu:InstTrace:9038000]: Core 0 ; Thread 0]; *I 0x10194:02812623    sw      s0, 44(sp)	 0x3ffffb30<-sp 0x3ffffba0<-s0 [0x3ffffb5c,4]<-0x3ffffba0 
RevCPU[cpu:InstTrace:9039000]: Core 0 ; Thread 0]; *I 0x10198:03010413    addi    s0, sp, 48	 0x3ffffb30<-sp s0<-0x3ffffb60 
RevCPU[cpu:InstTrace:9040000]: Core 0 ; Thread 0]; *I 0x1019c:fca42e23    sw      a0, -36(s0)	 0x3ffffb60<-s0 0x7d0<-a0 [0x3ffffb3c,4]<-0x000007d0 
RevCPU[cpu:InstTrace:9041000]: Core 0 ; Thread 0]; *I 0x101a0:fcb42c23    sw      a1, -40(s0)	 0x3ffffb60<-s0 0x14<-a1 [0x3ffffb38,4]<-0x00000014 
RevCPU[cpu:InstTrace:9042000]: Core 0 ; Thread 0]; *I 0x101a4:fe042623    sw      zero, -20(s0)	 0x3ffffb60<-s0 0x0<-zero [0x3ffffb4c,4]<-0x00000000 
RevCPU[cpu:InstTrace:9043000]: Core 0 ; Thread 0]; *I 0x101a8:01c0006f    j       pc + 0x1c	 zero<-0x0 pc<-0x101c4 
RevCPU[cpu:InstTrace:9044000]: Core 0 ; Thread 0]; *I 0x101c4:fec42703    lw      a4, -20(s0)	 0x3ffffb60<-s0 0x00000000<-[0x3ffffb4c,4] a4<-0x0 
RevCPU[cpu:InstTrace:9045000]: Core 0 ; Thread 0]; *I 0x101c8:fd842783    lw      a5, -40(s0)	 0x3ffffb60<-s0 0x00000014<-[0x3ffffb38,4] a5<-0x14 
RevCPU[cpu:InstTrace:9046000]: Core 0 ; Thread 0]; *I 0x101cc:fef740e3    blt     a4, a5, pc - 32	 0x0<-a4 0x14<-a5 pc<-0x101ac 
RevCPU[cpu:InstTrace:9047000]: Core 0 ; Thread 0]; *I 0x101ac:fdc42783    lw      a5, -36(s0)	 0x3ffffb60<-s0 0x000007d0<-[0x3ffffb3c,4] a5<-0x7d0 
RevCPU[cpu:InstTrace:9048000]: Core 0 ; Thread 0]; *I 0x101b0:fff78793    addi    a5, a5, -1	 0x7d0<-a5 a5<-0x7cf 
RevCPU[cpu:InstTrace:9049000]: Core 0 ; Thread 0]; *I 0x101b4:fcf42e23    sw      a5, -36(s0)	 0x3ffffb60<-s0 0x7cf<-a5 [0x3ffffb3c,4]<-0x000007cf 
RevCPU[cpu:InstTrace:9050000]: Core 0 ; Thread 0]; *I 0x101b8:fec42783    lw      a5, -20(s0)	 0x3ffffb60<-s0 0x00000000<-[0x3ffffb4c,4] a5<-0x0 
RevCPU[cpu:InstTrace:9051000]: Core 0 ; Thread 0]; *I 0x101bc:00178793    addi    a5, a5, 1	 0x0<-a5 a5<-0x1 
RevCPU[cpu:InstTrace:9052000]: Core 0 ; Thread 0]; *I 0x101c0:fef42623    sw      a5, -20(s0)	 0x3ffffb60<-s0 0x1<-a5 [0x3ffffb4c,4]<-0x00000001 
RevCPU[cpu:InstTrace:9053000]: Core 0 ; Thread 0]; *I 0x101c4:fec42703    lw      a4, -20(s0)	 0x3ffffb60<-s0 0x00000001<-[0x3ffffb4c,4] a4<-0x1 
RevCPU[cpu:InstTrace:9054000]: Core 0 ; Thread 0]; *I 0x101c8:fd842783    lw      a5, -40(s0)	 0x3ffffb60<-s0 0x00000014<-[0x3ffffb38,4] a5<-0x14 
RevCPU[cpu:InstTrace:9055000]: Core 0 ; Thread 0]; *I 0x101cc:fef740e3    blt     a4, a5, pc - 32	 0x1<-a4 0x14<-a5 pc<-0x101ac 
RevCPU[cpu:InstTrace:9056000]: Core 0 ; Thread 0]; *I 0x101ac:fdc42783    lw      a5, -36(s0)	 0x3ffffb60<-s0 0x000007cf<-[0x3ffffb3c,4] a5<-0x7cf 
RevCPU[cpu:InstTrace:9057000]: Core 0 ; Thread 0]; *I 0x101b0:fff78793    addi    a5, a5, -1	 0x7cf<-a5 a5<-0x7ce 
RevCPU[cpu:InstTrace:9058000]: Core 0 ; Thread 0]; *I 0x101b4:fcf42e23    sw      a5, -36(s0)	 0x3ffffb60<-s0 0x7ce<-a5 [0x3ffffb3c,4]<-0x000007ce 
RevCPU[cpu:InstTrace:9059000]: Core 0 ; Thread 0]; *I 0x101b8:fec42783    lw      a5, -20(s0)	 0x3ffffb60<-s0 0x00000001<-[0x3ffffb4c,4] a5<-0x1 
RevCPU[cpu:InstTrace:9060000]: Core 0 ; Thread 0]; *I 0x101bc:00178793    addi    a5, a5, 1	 0x1<-a5 a5<-0x2 
RevCPU[cpu:InstTrace:9061000]: Core 0 ; Thread 0]; *I 0x101c0:fef42623    sw      a5, -20(s0)	 0x3ffffb60<-s0 0x2<-a5 [0x3ffffb4c,4]<-0x00000002 
RevCPU[cpu:InstTrace:9062000]: Core 0 ; Thread 0]; *I 0x101c4:fec42703    lw      a4, -20(s0)	 0x3ffffb60<-s0 0x00000002<-[0x3ffffb4c,4] a4<-0x2 
RevCPU[cpu:InstTrace:9063000]: Core 0 ; Thread 0]; *I 0x101c8:fd842783    lw      a5, -40(s0)	 0x3ffffb60<-s0 0x00000014<-[0x3ffffb38,4] a5<-0x14 
RevCPU[cpu:InstTrace:9064000]: Core 0 ; Thread 0]; *I 0x101cc:fef740e3    blt     a4, a5, pc - 32	 0x2<-a4 0x14<-a5 pc<-0x101ac 
RevCPU[cpu:InstTrace:9065000]: Core 0 ; Thread 0]; *I 0x101ac:fdc42783    lw      a5, -36(s0)	 0x3ffffb60<-s0 0x000007ce<-[0x3ffffb3c,4] a5<-0x7ce 
RevCPU[cpu:InstTrace:9066000]: Core 0 ; Thread 0]; *I 0x101b0:fff78793    addi    a5, a5, -1	 0x7ce<-a5 a5<-0x7cd 
RevCPU[cpu:InstTrace:9067000]: Core 0 ; Thread 0]; *I 0x101b4:fcf42e23    sw      a5, -36(s0)	 0x3ffffb60<-s0 0x7cd<-a5 [0x3ffffb3c,4]<-0x000007cd 
RevCPU[cpu:InstTrace:9068000]: Core 0 ; Thread 0]; *I 0x101b8:fec42783    lw      a5, -20(s0)	 0x3ffffb60<-s0 0x00000002<-[0x3ffffb4c,4] a5<-0x2 
RevCPU[cpu:InstTrace:9069000]: Core 0 ; Thread 0]; *I 0x101bc:00178793    addi    a5, a5, 1	 0x2<-a5 a5<-0x3 
RevCPU[cpu:InstTrace:9070000]: Core 0 ; Thread 0]; *I 0x101c0:fef42623    sw      a5, -20(s0)	 0x3ffffb60<-s0 0x3<-a5 [0x3ffffb4c,4]<-0x00000003 
RevCPU[cpu:InstTrace:9071000]: Core 0 ; Thread 0]; *I 0x101c4:fec42703    lw      a4, -20(s0)	 0x3ffffb60<-s0 0x00000003<-[0x3ffffb4c,4] a4<-0x3 
RevCPU[cpu:InstTrace:9072000]: Core 0 ; Thread 0]; *I 0x101c8:fd842783    lw      a5, -40(s0)	 0x3ffffb60<-s0 0x00000014<-[0x3ffffb38,4] a5<-0x14 
RevCPU[cpu:InstTrace:9073000]: Core 0 ; Thread 0]; *I 0x101cc:fef740e3    blt     a4, a5, pc - 32	 0x3<-a4 0x14<-a5 pc<-0x101ac 
RevCPU[cpu:InstTrace:9074000]: Core 0 ; Thread 0]; *I 0x101ac:fdc42783    lw      a5, -36(s0)	 0x3ffffb60<-s0 0x000007cd<-[0x3ffffb3c,4] a5<-0x7cd 
RevCPU[cpu:InstTrace:9075000]: Core 0 ; Thread 0]; *I 0x101b0:fff78793    addi    a5, a5, -1	 0x7cd<-a5 a5<-0x7cc 
RevCPU[cpu:InstTrace:9076000]: Core 0 ; Thread 0]; *I 0x101b4:fcf42e23    sw      a5, -36(s0)	 0x3ffffb60<-s0 0x7cc<-a5 [0x3ffffb3c,4]<-0x000007cc 
RevCPU[cpu:InstTrace:9077000]: Core 0 ; Thread 0]; *I 0x101b8:fec42783    lw      a5, -20(s0)	 0x3ffffb60<-s0 0x00000003<-[0x3ffffb4c,4] a5<-0x3 
RevCPU[cpu:InstTrace:9078000]: Core 0 ; Thread 0]; *I 0x101bc:00178793    addi    a5, a5, 1	 0x3<-a5 a5<-0x4 
RevCPU[cpu:InstTrace:9079000]: Core 0 ; Thread 0]; *I 0x101c0:fef42623    sw      a5, -20(s0)	 0x3ffffb60<-s0 0x4<-a5 [0x3ffffb4c,4]<-0x00000004 
RevCPU[cpu:InstTrace:9080000]: Core 0 ; Thread 0]; *I 0x101c4:fec42703    lw      a4, -20(s0)	 0x3ffffb60<-s0 0x00000004<-[0x3ffffb4c,4] a4<-0x4 
RevCPU[cpu:InstTrace:9081000]: Core 0 ; Thread 0]; *I 0x101c8:fd842783    lw      a5, -40(s0)	 0x3ffffb60<-s0 0x00000014<-[0x3ffffb38,4] a5<-0x14 
RevCPU[cpu:InstTrace:9082000]: Core 0 ; Thread 0]; *I 0x101cc:fef740e3    blt     a4, a5, pc - 32	 0x4<-a4 0x14<-a5 pc<-0x101ac 
RevCPU[cpu:InstTrace:9083000]: Core 0 ; Thread 0]; *I 0x101ac:fdc42783    lw      a5, -36(s0)	 0x3ffffb60<-s0 0x000007cc<-[0x3ffffb3c,4] a5<-0x7cc 
RevCPU[cpu:InstTrace:9084000]: Core 0 ; Thread 0]; *I 0x101b0:fff78793    addi    a5, a5, -1	 0x7cc<-a5 a5<-0x7cb 
RevCPU[cpu:InstTrace:9085000]: Core 0 ; Thread 0]; *I 0x101b4:fcf42e23    sw      a5, -36(s0)	 0x3ffffb60<-s0 0x7cb<-a5 [0x3ffffb3c,4]<-0x000007cb 
RevCPU[cpu:InstTrace:9086000]: Core 0 ; Thread 0]; *I 0x101b8:fec42783    lw      a5, -20(s0)	 0x3ffffb60<-s0 0x00000004<-[0x3ffffb4c,4] a5<-0x4 
RevCPU[cpu:InstTrace:9087000]: Core 0 ; Thread 0]; *I 0x101bc:00178793    addi    a5, a5, 1	 0x4<-a5 a5<-0x5 
RevCPU[cpu:InstTrace:9088000]: Core 0 ; Thread 0]; *I 0x101c0:fef42623    sw      a5, -20(s0)	 0x3ffffb60<-s0 0x5<-a5 [0x3ffffb4c,4]<-0x00000005 
RevCPU[cpu:InstTrace:9089000]: Core 0 ; Thread 0]; *I 0x101c4:fec42703    lw      a4, -20(s0)	 0x3ffffb60<-s0 0x00000005<-[0x3ffffb4c,4] a4<-0x5 
RevCPU[cpu:InstTrace:9090000]: Core 0 ; Thread 0]; *I 0x101c8:fd842783    lw      a5, -40(s0)	 0x3ffffb60<-s0 0x00000014<-[0x3ffffb38,4] a5<-0x14 
RevCPU[cpu:InstTrace:9091000]: Core 0 ; Thread 0]; *I 0x101cc:fef740e3    blt     a4, a5, pc - 32	 0x5<-a4 0x14<-a5 pc<-0x101ac 
RevCPU[cpu:InstTrace:9092000]: Core 0 ; Thread 0]; *I 0x101ac:fdc42783    lw      a5, -36(s0)	 0x3ffffb60<-s0 0x000007cb<-[0x3ffffb3c,4] a5<-0x7cb 
RevCPU[cpu:InstTrace:9093000]: Core 0 ; Thread 0]; *I 0x101b0:fff78793    addi    a5, a5, -1	 0x7cb<-a5 a5<-0x7ca 
RevCPU[cpu:InstTrace:9094000]: Core 0 ; Thread 0]; *I 0x101b4:fcf42e23    sw      a5, -36(s0)	 0x3ffffb60<-s0 0x7ca<-a5 [0x3ffffb3c,4]<-0x000007ca 
RevCPU[cpu:InstTrace:9095000]: Core 0 ; Thread 0]; *I 0x101b8:fec42783    lw      a5, -20(s0)	 0x3ffffb60<-s0 0x00000005<-[0x3ffffb4c,4] a5<-0x5 
RevCPU[cpu:InstTrace:9096000]: Core 0 ; Thread 0]; *I 0x101bc:00178793    addi    a5, a5, 1	 0x5<-a5 a5<-0x6 
RevCPU[cpu:InstTrace:9097000]: Core 0 ; Thread 0]; *I 0x101c0:fef42623    sw      a5, -20(s0)	 0x3ffffb60<-s0 0x6<-a5 [0x3ffffb4c,4]<-0x00000006 
RevCPU[cpu:InstTrace:9098000]: Core 0 ; Thread 0]; *I 0x101c4:fec42703    lw      a4, -20(s0)	 0x3ffffb60<-s0 0x00000006<-[0x3ffffb4c,4] a4<-0x6 
RevCPU[cpu:InstTrace:9099000]: Core 0 ; Thread 0]; *I 0x101c8:fd842783    lw      a5, -40(s0)	 0x3ffffb60<-s0 0x00000014<-[0x3ffffb38,4] a5<-0x14 
RevCPU[cpu:InstTrace:9100000]: Core 0 ; Thread 0]; *I 0x101cc:fef740e3    blt     a4, a5, pc - 32	 0x6<-a4 0x14<-a5 pc<-0x101ac 
RevCPU[cpu:InstTrace:9101000]: Core 0 ; Thread 0]; *I 0x101ac:fdc42783    lw      a5, -36(s0)	 0x3ffffb60<-s0 0x000007ca<-[0x3ffffb3c,4] a5<-0x7ca 
RevCPU[cpu:InstTrace:9102000]: Core 0 ; Thread 0]; *I 0x101b0:fff78793    addi    a5, a5, -1	 0x7ca<-a5 a5<-0x7c9 
RevCPU[cpu:InstTrace:9103000]: Core 0 ; Thread 0]; *I 0x101b4:fcf42e23    sw      a5, -36(s0)	 0x3ffffb60<-s0 0x7c9<-a5 [0x3ffffb3c,4]<-0x000007c9 
RevCPU[cpu:InstTrace:9104000]: Core 0 ; Thread 0]; *I 0x101b8:fec42783    lw      a5, -20(s0)	 0x3ffffb60<-s0 0x00000006<-[0x3ffffb4c,4] a5<-0x6 
RevCPU[cpu:InstTrace:9105000]: Core 0 ; Thread 0]; *I 0x101bc:00178793    addi    a5, a5, 1	 0x6<-a5 a5<-0x7 
RevCPU[cpu:InstTrace:9106000]: Core 0 ; Thread 0]; *I 0x101c0:fef42623    sw      a5, -20(s0)	 0x3ffffb60<-s0 0x7<-a5 [0x3ffffb4c,4]<-0x00000007 
RevCPU[cpu:InstTrace:9107000]: Core 0 ; Thread 0]; *I 0x101c4:fec42703    lw      a4, -20(s0)	 0x3ffffb60<-s0 0x00000007<-[0x3ffffb4c,4] a4<-0x7 
RevCPU[cpu:InstTrace:9108000]: Core 0 ; Thread 0]; *I 0x101c8:fd842783    lw      a5, -40(s0)	 0x3ffffb60<-s0 0x00000014<-[0x3ffffb38,4] a5<-0x14 
RevCPU[cpu:InstTrace:9109000]: Core 0 ; Thread 0]; *I 0x101cc:fef740e3    blt     a4, a5, pc - 32	 0x7<-a4 0x14<-a5 pc<-0x101ac 
RevCPU[cpu:InstTrace:9110000]: Core 0 ; Thread 0]; *I 0x101ac:fdc42783    lw      a5, -36(s0)	 0x3ffffb60<-s0 0x000007c9<-[0x3ffffb3c,4] a5<-0x7c9 
RevCPU[cpu:InstTrace:9111000]: Core 0 ; Thread 0]; *I 0x101b0:fff78793    addi    a5, a5, -1	 0x7c9<-a5 a5<-0x7c8 
RevCPU[cpu:InstTrace:9112000]: Core 0 ; Thread 0]; *I 0x101b4:fcf42e23    sw      a5, -36(s0)	 0x3ffffb60<-s0 0x7c8<-a5 [0x3ffffb3c,4]<-0x000007c8 
RevCPU[cpu:InstTrace:9113000]: Core 0 ; Thread 0]; *I 0x101b8:fec42783    lw      a5, -20(s0)	 0x3ffffb60<-s0 0x00000007<-[0x3ffffb4c,4] a5<-0x7 
RevCPU[cpu:InstTrace:9114000]: Core 0 ; Thread 0]; *I 0x101bc:00178793    addi    a5, a5, 1	 0x7<-a5 a5<-0x8 
RevCPU[cpu:InstTrace:9115000]: Core 0 ; Thread 0]; *I 0x101c0:fef42623    sw      a5, -20(s0)	 0x3ffffb60<-s0 0x8<-a5 [0x3ffffb4c,4]<-0x00000008 
RevCPU[cpu:InstTrace:9116000]: Core 0 ; Thread 0]; *I 0x101c4:fec42703    lw      a4, -20(s0)	 0x3ffffb60<-s0 0x00000008<-[0x3ffffb4c,4] a4<-0x8 
RevCPU[cpu:InstTrace:9117000]: Core 0 ; Thread 0]; *I 0x101c8:fd842783    lw      a5, -40(s0)	 0x3ffffb60<-s0 0x00000014<-[0x3ffffb38,4] a5<-0x14 
RevCPU[cpu:InstTrace:9118000]: Core 0 ; Thread 0]; *I 0x101cc:fef740e3    blt     a4, a5, pc - 32	 0x8<-a4 0x14<-a5 pc<-0x101ac 
RevCPU[cpu:InstTrace:9119000]: Core 0 ; Thread 0]; *I 0x101ac:fdc42783    lw      a5, -36(s0)	 0x3ffffb60<-s0 0x000007c8<-[0x3ffffb3c,4] a5<-0x7c8 
RevCPU[cpu:InstTrace:9120000]: Core 0 ; Thread 0]; *I 0x101b0:fff78793    addi    a5, a5, -1	 0x7c8<-a5 a5<-0x7c7 
RevCPU[cpu:InstTrace:9121000]: Core 0 ; Thread 0]; *I 0x101b4:fcf42e23    sw      a5, -36(s0)	 0x3ffffb60<-s0 0x7c7<-a5 [0x3ffffb3c,4]<-0x000007c7 
RevCPU[cpu:InstTrace:9122000]: Core 0 ; Thread 0]; *I 0x101b8:fec42783    lw      a5, -20(s0)	 0x3ffffb60<-s0 0x00000008<-[0x3ffffb4c,4] a5<-0x8 
RevCPU[cpu:InstTrace:9123000]: Core 0 ; Thread 0]; *I 0x101bc:00178793    addi    a5, a5, 1	 0x8<-a5 a5<-0x9 
RevCPU[cpu:InstTrace:9124000]: Core 0 ; Thread 0]; *I 0x101c0:fef42623    sw      a5, -20(s0)	 0x3ffffb60<-s0 0x9<-a5 [0x3ffffb4c,4]<-0x00000009 
RevCPU[cpu:InstTrace:9125000]: Core 0 ; Thread 0]; *I 0x101c4:fec42703    lw      a4, -20(s0)	 0x3ffffb60<-s0 0x00000009<-[0x3ffffb4c,4] a4<-0x9 
RevCPU[cpu:InstTrace:9126000]: Core 0 ; Thread 0]; *I 0x101c8:fd842783    lw      a5, -40(s0)	 0x3ffffb60<-s0 0x00000014<-[0x3ffffb38,4] a5<-0x14 
RevCPU[cpu:InstTrace:9127000]: Core 0 ; Thread 0]; *I 0x101cc:fef740e3    blt     a4, a5, pc - 32	 0x9<-a4 0x14<-a5 pc<-0x101ac 
RevCPU[cpu:InstTrace:9128000]: Core 0 ; Thread 0]; *I 0x101ac:fdc42783    lw      a5, -36(s0)	 0x3ffffb60<-s0 0x000007c7<-[0x3ffffb3c,4] a5<-0x7c7 
RevCPU[cpu:InstTrace:9129000]: Core 0 ; Thread 0]; *I 0x101b0:fff78793    addi    a5, a5, -1	 0x7c7<-a5 a5<-0x7c6 
RevCPU[cpu:InstTrace:9130000]: Core 0 ; Thread 0]; *I 0x101b4:fcf42e23    sw      a5, -36(s0)	 0x3ffffb60<-s0 0x7c6<-a5 [0x3ffffb3c,4]<-0x000007c6 
RevCPU[cpu:InstTrace:9131000]: Core 0 ; Thread 0]; *I 0x101b8:fec42783    lw      a5, -20(s0)	 0x3ffffb60<-s0 0x00000009<-[0x3ffffb4c,4] a5<-0x9 
RevCPU[cpu:InstTrace:9132000]: Core 0 ; Thread 0]; *I 0x101bc:00178793    addi    a5, a5, 1	 0x9<-a5 a5<-0xa 
RevCPU[cpu:InstTrace:9133000]: Core 0 ; Thread 0]; *I 0x101c0:fef42623    sw      a5, -20(s0)	 0x3ffffb60<-s0 0xa<-a5 [0x3ffffb4c,4]<-0x0000000a 
RevCPU[cpu:InstTrace:9134000]: Core 0 ; Thread 0]; *I 0x101c4:fec42703    lw      a4, -20(s0)	 0x3ffffb60<-s0 0x0000000a<-[0x3ffffb4c,4] a4<-0xa 
RevCPU[cpu:InstTrace:9135000]: Core 0 ; Thread 0]; *I 0x101c8:fd842783    lw      a5, -40(s0)	 0x3ffffb60<-s0 0x00000014<-[0x3ffffb38,4] a5<-0x14 
RevCPU[cpu:InstTrace:9136000]: Core 0 ; Thread 0]; *I 0x101cc:fef740e3    blt     a4, a5, pc - 32	 0xa<-a4 0x14<-a5 pc<-0x101ac 
RevCPU[cpu:InstTrace:9137000]: Core 0 ; Thread 0]; *I 0x101ac:fdc42783    lw      a5, -36(s0)	 0x3ffffb60<-s0 0x000007c6<-[0x3ffffb3c,4] a5<-0x7c6 
RevCPU[cpu:InstTrace:9138000]: Core 0 ; Thread 0]; *I 0x101b0:fff78793    addi    a5, a5, -1	 0x7c6<-a5 a5<-0x7c5 
RevCPU[cpu:InstTrace:9139000]: Core 0 ; Thread 0]; *I 0x101b4:fcf42e23    sw      a5, -36(s0)	 0x3ffffb60<-s0 0x7c5<-a5 [0x3ffffb3c,4]<-0x000007c5 
RevCPU[cpu:InstTrace:9140000]: Core 0 ; Thread 0]; *I 0x101b8:fec42783    lw      a5, -20(s0)	 0x3ffffb60<-s0 0x0000000a<-[0x3ffffb4c,4] a5<-0xa 
RevCPU[cpu:InstTrace:9141000]: Core 0 ; Thread 0]; *I 0x101bc:00178793    addi    a5, a5, 1	 0xa<-a5 a5<-0xb 
RevCPU[cpu:InstTrace:9142000]: Core 0 ; Thread 0]; *I 0x101c0:fef42623    sw      a5, -20(s0)	 0x3ffffb60<-s0 0xb<-a5 [0x3ffffb4c,4]<-0x0000000b 
RevCPU[cpu:InstTrace:9143000]: Core 0 ; Thread 0]; *I 0x101c4:fec42703    lw      a4, -20(s0)	 0x3ffffb60<-s0 0x0000000b<-[0x3ffffb4c,4] a4<-0xb 
RevCPU[cpu:InstTrace:9144000]: Core 0 ; Thread 0]; *I 0x101c8:fd842783    lw      a5, -40(s0)	 0x3ffffb60<-s0 0x00000014<-[0x3ffffb38,4] a5<-0x14 
RevCPU[cpu:InstTrace:9145000]: Core 0 ; Thread 0]; *I 0x101cc:fef740e3    blt     a4, a5, pc - 32	 0xb<-a4 0x14<-a5 pc<-0x101ac 
RevCPU[cpu:InstTrace:9146000]: Core 0 ; Thread 0]; *I 0x101ac:fdc42783    lw      a5, -36(s0)	 0x3ffffb60<-s0 0x000007c5<-[0x3ffffb3c,4] a5<-0x7c5 
RevCPU[cpu:InstTrace:9147000]: Core 0 ; Thread 0]; *I 0x101b0:fff78793    addi    a5, a5, -1	 0x7c5<-a5 a5<-0x7c4 
RevCPU[cpu:InstTrace:9148000]: Core 0 ; Thread 0]; *I 0x101b4:fcf42e23    sw      a5, -36(s0)	 0x3ffffb60<-s0 0x7c4<-a5 [0x3ffffb3c,4]<-0x000007c4 
RevCPU[cpu:InstTrace:9149000]: Core 0 ; Thread 0]; *I 0x101b8:fec42783    lw      a5, -20(s0)	 0x3ffffb60<-s0 0x0000000b<-[0x3ffffb4c,4] a5<-0xb 
RevCPU[cpu:InstTrace:9150000]: Core 0 ; Thread 0]; *I 0x101bc:00178793    addi    a5, a5, 1	 0xb<-a5 a5<-0xc 
RevCPU[cpu:InstTrace:9151000]: Core 0 ; Thread 0]; *I 0x101c0:fef42623    sw      a5, -20(s0)	 0x3ffffb60<-s0 0xc<-a5 [0x3ffffb4c,4]<-0x0000000c 
RevCPU[cpu:InstTrace:9152000]: Core 0 ; Thread 0]; *I 0x101c4:fec42703    lw      a4, -20(s0)	 0x3ffffb60<-s0 0x0000000c<-[0x3ffffb4c,4] a4<-0xc 
RevCPU[cpu:InstTrace:9153000]: Core 0 ; Thread 0]; *I 0x101c8:fd842783    lw      a5, -40(s0)	 0x3ffffb60<-s0 0x00000014<-[0x3ffffb38,4] a5<-0x14 
RevCPU[cpu:InstTrace:9154000]: Core 0 ; Thread 0]; *I 0x101cc:fef740e3    blt     a4, a5, pc - 32	 0xc<-a4 0x14<-a5 pc<-0x101ac 
RevCPU[cpu:InstTrace:9155000]: Core 0 ; Thread 0]; *I 0x101ac:fdc42783    lw      a5, -36(s0)	 0x3ffffb60<-s0 0x000007c4<-[0x3ffffb3c,4] a5<-0x7c4 
RevCPU[cpu:InstTrace:9156000]: Core 0 ; Thread 0]; *I 0x101b0:fff78793    addi    a5, a5, -1	 0x7c4<-a5 a5<-0x7c3 
RevCPU[cpu:InstTrace:9157000]: Core 0 ; Thread 0]; *I 0x101b4:fcf42e23    sw      a5, -36(s0)	 0x3ffffb60<-s0 0x7c3<-a5 [0x3ffffb3c,4]<-0x000007c3 
RevCPU[cpu:InstTrace:9158000]: Core 0 ; Thread 0]; *I 0x101b8:fec42783    lw      a5, -20(s0)	 0x3ffffb60<-s0 0x0000000c<-[0x3ffffb4c,4] a5<-0xc 
RevCPU[cpu:InstTrace:9159000]: Core 0 ; Thread 0]; *I 0x101bc:00178793    addi    a5, a5, 1	 0xc<-a5 a5<-0xd 
RevCPU[cpu:InstTrace:9160000]: Core 0 ; Thread 0]; *I 0x101c0:fef42623    sw      a5, -20(s0)	 0x3ffffb60<-s0 0xd<-a5 [0x3ffffb4c,4]<-0x0000000d 
RevCPU[cpu:InstTrace:9161000]: Core 0 ; Thread 0]; *I 0x101c4:fec42703    lw      a4, -20(s0)	 0x3ffffb60<-s0 0x0000000d<-[0x3ffffb4c,4] a4<-0xd 
RevCPU[cpu:InstTrace:9162000]: Core 0 ; Thread 0]; *I 0x101c8:fd842783    lw      a5, -40(s0)	 0x3ffffb60<-s0 0x00000014<-[0x3ffffb38,4] a5<-0x14 
RevCPU[cpu:InstTrace:9163000]: Core 0 ; Thread 0]; *I 0x101cc:fef740e3    blt     a4, a5, pc - 32	 0xd<-a4 0x14<-a5 pc<-0x101ac 
RevCPU[cpu:InstTrace:9164000]: Core 0 ; Thread 0]; *I 0x101ac:fdc42783    lw      a5, -36(s0)	 0x3ffffb60<-s0 0x000007c3<-[0x3ffffb3c,4] a5<-0x7c3 
RevCPU[cpu:InstTrace:9165000]: Core 0 ; Thread 0]; *I 0x101b0:fff78793    addi    a5, a5, -1	 0x7c3<-a5 a5<-0x7c2 
RevCPU[cpu:InstTrace:9166000]: Core 0 ; Thread 0]; *I 0x101b4:fcf42e23    sw      a5, -36(s0)	 0x3ffffb60<-s0 0x7c2<-a5 [0x3ffffb3c,4]<-0x000007c2 
RevCPU[cpu:InstTrace:9167000]: Core 0 ; Thread 0]; *I 0x101b8:fec42783    lw      a5, -20(s0)	 0x3ffffb60<-s0 0x0000000d<-[0x3ffffb4c,4] a5<-0xd 
RevCPU[cpu:InstTrace:9168000]: Core 0 ; Thread 0]; *I 0x101bc:00178793    addi    a5, a5, 1	 0xd<-a5 a5<-0xe 
RevCPU[cpu:InstTrace:9169000]: Core 0 ; Thread 0]; *I 0x101c0:fef42623    sw      a5, -20(s0)	 0x3ffffb60<-s0 0xe<-a5 [0x3ffffb4c,4]<-0x0000000e 
RevCPU[cpu:InstTrace:9170000]: Core 0 ; Thread 0]; *I 0x101c4:fec42703    lw      a4, -20(s0)	 0x3ffffb60<-s0 0x0000000e<-[0x3ffffb4c,4] a4<-0xe 
RevCPU[cpu:InstTrace:9171000]: Core 0 ; Thread 0]; *I 0x101c8:fd842783    lw      a5, -40(s0)	 0x3ffffb60<-s0 0x00000014<-[0x3ffffb38,4] a5<-0x14 
RevCPU[cpu:InstTrace:9172000]: Core 0 ; Thread 0]; *I 0x101cc:fef740e3    blt     a4, a5, pc - 32	 0xe<-a4 0x14<-a5 pc<-0x101ac 
RevCPU[cpu:InstTrace:9173000]: Core 0 ; Thread 0]; *I 0x101ac:fdc42783    lw      a5, -36(s0)	 0x3ffffb60<-s0 0x000007c2<-[0x3ffffb3c,4] a5<-0x7c2 
RevCPU[cpu:InstTrace:9174000]: Core 0 ; Thread 0]; *I 0x101b0:fff78793    addi    a5, a5, -1	 0x7c2<-a5 a5<-0x7c1 
RevCPU[cpu:InstTrace:9175000]: Core 0 ; Thread 0]; *I 0x101b4:fcf42e23    sw      a5, -36(s0)	 0x3ffffb60<-s0 0x7c1<-a5 [0x3ffffb3c,4]<-0x000007c1 
RevCPU[cpu:InstTrace:9176000]: Core 0 ; Thread 0]; *I 0x101b8:fec42783    lw      a5, -20(s0)	 0x3ffffb60<-s0 0x0000000e<-[0x3ffffb4c,4] a5<-0xe 
RevCPU[cpu:InstTrace:9177000]: Core 0 ; Thread 0]; *I 0x101bc:00178793    addi    a5, a5, 1	 0xe<-a5 a5<-0xf 
RevCPU[cpu:InstTrace:9178000]: Core 0 ; Thread 0]; *I 0x101c0:fef42623    sw      a5, -20(s0)	 0x3ffffb60<-s0 0xf<-a5 [0x3ffffb4c,4]<-0x0000000f 
RevCPU[cpu:InstTrace:9179000]: Core 0 ; Thread 0]; *I 0x101c4:fec42703    lw      a4, -20(s0)	 0x3ffffb60<-s0 0x0000000f<-[0x3ffffb4c,4] a4<-0xf 
RevCPU[cpu:InstTrace:9180000]: Core 0 ; Thread 0]; *I 0x101c8:fd842783    lw      a5, -40(s0)	 0x3ffffb60<-s0 0x00000014<-[0x3ffffb38,4] a5<-0x14 
RevCPU[cpu:InstTrace:9181000]: Core 0 ; Thread 0]; *I 0x101cc:fef740e3    blt     a4, a5, pc - 32	 0xf<-a4 0x14<-a5 pc<-0x101ac 
RevCPU[cpu:InstTrace:9182000]: Core 0 ; Thread 0]; *I 0x101ac:fdc42783    lw      a5, -36(s0)	 0x3ffffb60<-s0 0x000007c1<-[0x3ffffb3c,4] a5<-0x7c1 
RevCPU[cpu:InstTrace:9183000]: Core 0 ; Thread 0]; *I 0x101b0:fff78793    addi    a5, a5, -1	 0x7c1<-a5 a5<-0x7c0 
RevCPU[cpu:InstTrace:9184000]: Core 0 ; Thread 0]; *I 0x101b4:fcf42e23    sw      a5, -36(s0)	 0x3ffffb60<-s0 0x7c0<-a5 [0x3ffffb3c,4]<-0x000007c0 
RevCPU[cpu:InstTrace:9185000]: Core 0 ; Thread 0]; *I 0x101b8:fec42783    lw      a5, -20(s0)	 0x3ffffb60<-s0 0x0000000f<-[0x3ffffb4c,4] a5<-0xf 
RevCPU[cpu:InstTrace:9186000]: Core 0 ; Thread 0]; *I 0x101bc:00178793    addi    a5, a5, 1	 0xf<-a5 a5<-0x10 
RevCPU[cpu:InstTrace:9187000]: Core 0 ; Thread 0]; *I 0x101c0:fef42623    sw      a5, -20(s0)	 0x3ffffb60<-s0 0x10<-a5 [0x3ffffb4c,4]<-0x00000010 
RevCPU[cpu:InstTrace:9188000]: Core 0 ; Thread 0]; *I 0x101c4:fec42703    lw      a4, -20(s0)	 0x3ffffb60<-s0 0x00000010<-[0x3ffffb4c,4] a4<-0x10 
RevCPU[cpu:InstTrace:9189000]: Core 0 ; Thread 0]; *I 0x101c8:fd842783    lw      a5, -40(s0)	 0x3ffffb60<-s0 0x00000014<-[0x3ffffb38,4] a5<-0x14 
RevCPU[cpu:InstTrace:9190000]: Core 0 ; Thread 0]; *I 0x101cc:fef740e3    blt     a4, a5, pc - 32	 0x10<-a4 0x14<-a5 pc<-0x101ac 
RevCPU[cpu:InstTrace:9191000]: Core 0 ; Thread 0]; *I 0x101ac:fdc42783    lw      a5, -36(s0)	 0x3ffffb60<-s0 0x000007c0<-[0x3ffffb3c,4] a5<-0x7c0 
RevCPU[cpu:InstTrace:9192000]: Core 0 ; Thread 0]; *I 0x101b0:fff78793    addi    a5, a5, -1	 0x7c0<-a5 a5<-0x7bf 
RevCPU[cpu:InstTrace:9193000]: Core 0 ; Thread 0]; *I 0x101b4:fcf42e23    sw      a5, -36(s0)	 0x3ffffb60<-s0 0x7bf<-a5 [0x3ffffb3c,4]<-0x000007bf 
RevCPU[cpu:InstTrace:9194000]: Core 0 ; Thread 0]; *I 0x101b8:fec42783    lw      a5, -20(s0)	 0x3ffffb60<-s0 0x00000010<-[0x3ffffb4c,4] a5<-0x10 
RevCPU[cpu:InstTrace:9195000]: Core 0 ; Thread 0]; *I 0x101bc:00178793    addi    a5, a5, 1	 0x10<-a5 a5<-0x11 
RevCPU[cpu:InstTrace:9196000]: Core 0 ; Thread 0]; *I 0x101c0:fef42623    sw      a5, -20(s0)	 0x3ffffb60<-s0 0x11<-a5 [0x3ffffb4c,4]<-0x00000011 
RevCPU[cpu:InstTrace:9197000]: Core 0 ; Thread 0]; *I 0x101c4:fec42703    lw      a4, -20(s0)	 0x3ffffb60<-s0 0x00000011<-[0x3ffffb4c,4] a4<-0x11 
RevCPU[cpu:InstTrace:9198000]: Core 0 ; Thread 0]; *I 0x101c8:fd842783    lw      a5, -40(s0)	 0x3ffffb60<-s0 0x00000014<-[0x3ffffb38,4] a5<-0x14 
RevCPU[cpu:InstTrace:9199000]: Core 0 ; Thread 0]; *I 0x101cc:fef740e3    blt     a4, a5, pc - 32	 0x11<-a4 0x14<-a5 pc<-0x101ac 
RevCPU[cpu:InstTrace:9200000]: Core 0 ; Thread 0]; *I 0x101ac:fdc42783    lw      a5, -36(s0)	 0x3ffffb60<-s0 0x000007bf<-[0x3ffffb3c,4] a5<-0x7bf 
RevCPU[cpu:InstTrace:9201000]: Core 0 ; Thread 0]; *I 0x101b0:fff78793    addi    a5, a5, -1	 0x7bf<-a5 a5<-0x7be 
RevCPU[cpu:InstTrace:9202000]: Core 0 ; Thread 0]; *I 0x101b4:fcf42e23    sw      a5, -36(s0)	 0x3ffffb60<-s0 0x7be<-a5 [0x3ffffb3c,4]<-0x000007be 
RevCPU[cpu:InstTrace:9203000]: Core 0 ; Thread 0]; *I 0x101b8:fec42783    lw      a5, -20(s0)	 0x3ffffb60<-s0 0x00000011<-[0x3ffffb4c,4] a5<-0x11 
RevCPU[cpu:InstTrace:9204000]: Core 0 ; Thread 0]; *I 0x101bc:00178793    addi    a5, a5, 1	 0x11<-a5 a5<-0x12 
RevCPU[cpu:InstTrace:9205000]: Core 0 ; Thread 0]; *I 0x101c0:fef42623    sw      a5, -20(s0)	 0x3ffffb60<-s0 0x12<-a5 [0x3ffffb4c,4]<-0x00000012 
RevCPU[cpu:InstTrace:9206000]: Core 0 ; Thread 0]; *I 0x101c4:fec42703    lw      a4, -20(s0)	 0x3ffffb60<-s0 0x00000012<-[0x3ffffb4c,4] a4<-0x12 
RevCPU[cpu:InstTrace:9207000]: Core 0 ; Thread 0]; *I 0x101c8:fd842783    lw      a5, -40(s0)	 0x3ffffb60<-s0 0x00000014<-[0x3ffffb38,4] a5<-0x14 
RevCPU[cpu:InstTrace:9208000]: Core 0 ; Thread 0]; *I 0x101cc:fef740e3    blt     a4, a5, pc - 32	 0x12<-a4 0x14<-a5 pc<-0x101ac 
RevCPU[cpu:InstTrace:9209000]: Core 0 ; Thread 0]; *I 0x101ac:fdc42783    lw      a5, -36(s0)	 0x3ffffb60<-s0 0x000007be<-[0x3ffffb3c,4] a5<-0x7be 
RevCPU[cpu:InstTrace:9210000]: Core 0 ; Thread 0]; *I 0x101b0:fff78793    addi    a5, a5, -1	 0x7be<-a5 a5<-0x7bd 
RevCPU[cpu:InstTrace:9211000]: Core 0 ; Thread 0]; *I 0x101b4:fcf42e23    sw      a5, -36(s0)	 0x3ffffb60<-s0 0x7bd<-a5 [0x3ffffb3c,4]<-0x000007bd 
RevCPU[cpu:InstTrace:9212000]: Core 0 ; Thread 0]; *I 0x101b8:fec42783    lw      a5, -20(s0)	 0x3ffffb60<-s0 0x00000012<-[0x3ffffb4c,4] a5<-0x12 
RevCPU[cpu:InstTrace:9213000]: Core 0 ; Thread 0]; *I 0x101bc:00178793    addi    a5, a5, 1	 0x12<-a5 a5<-0x13 
RevCPU[cpu:InstTrace:9214000]: Core 0 ; Thread 0]; *I 0x101c0:fef42623    sw      a5, -20(s0)	 0x3ffffb60<-s0 0x13<-a5 [0x3ffffb4c,4]<-0x00000013 
RevCPU[cpu:InstTrace:9215000]: Core 0 ; Thread 0]; *I 0x101c4:fec42703    lw      a4, -20(s0)	 0x3ffffb60<-s0 0x00000013<-[0x3ffffb4c,4] a4<-0x13 
RevCPU[cpu:InstTrace:9216000]: Core 0 ; Thread 0]; *I 0x101c8:fd842783    lw      a5, -40(s0)	 0x3ffffb60<-s0 0x00000014<-[0x3ffffb38,4] a5<-0x14 
RevCPU[cpu:InstTrace:9217000]: Core 0 ; Thread 0]; *I 0x101cc:fef740e3    blt     a4, a5, pc - 32	 0x13<-a4 0x14<-a5 pc<-0x101ac 
RevCPU[cpu:InstTrace:9218000]: Core 0 ; Thread 0]; *I 0x101ac:fdc42783    lw      a5, -36(s0)	 0x3ffffb60<-s0 0x000007bd<-[0x3ffffb3c,4] a5<-0x7bd 
RevCPU[cpu:InstTrace:9219000]: Core 0 ; Thread 0]; *I 0x101b0:fff78793    addi    a5, a5, -1	 0x7bd<-a5 a5<-0x7bc 
RevCPU[cpu:InstTrace:9220000]: Core 0 ; Thread 0]; *I 0x101b4:fcf42e23    sw      a5, -36(s0)	 0x3ffffb60<-s0 0x7bc<-a5 [0x3ffffb3c,4]<-0x000007bc 
RevCPU[cpu:InstTrace:9221000]: Core 0 ; Thread 0]; *I 0x101b8:fec42783    lw      a5, -20(s0)	 0x3ffffb60<-s0 0x00000013<-[0x3ffffb4c,4] a5<-0x13 
RevCPU[cpu:InstTrace:9222000]: Core 0 ; Thread 0]; *I 0x101bc:00178793    addi    a5, a5, 1	 0x13<-a5 a5<-0x14 
RevCPU[cpu:InstTrace:9223000]: Core 0 ; Thread 0]; *I 0x101c0:fef42623    sw      a5, -20(s0)	 0x3ffffb60<-s0 0x14<-a5 [0x3ffffb4c,4]<-0x00000014 
RevCPU[cpu:InstTrace:9224000]: Core 0 ; Thread 0]; *I 0x101c4:fec42703    lw      a4, -20(s0)	 0x3ffffb60<-s0 0x00000014<-[0x3ffffb4c,4] a4<-0x14 
RevCPU[cpu:InstTrace:9225000]: Core 0 ; Thread 0]; *I 0x101c8:fd842783    lw      a5, -40(s0)	 0x3ffffb60<-s0 0x00000014<-[0x3ffffb38,4] a5<-0x14 
RevCPU[cpu:InstTrace:9226000]: Core 0 ; Thread 0]; *I 0x101cc:fef740e3    blt     a4, a5, pc - 32	 0x14<-a4 0x14<-a5 
RevCPU[cpu:InstTrace:9227000]: Core 0 ; Thread 0]; *I 0x101d0:fdc42783    lw      a5, -36(s0)	 0x3ffffb60<-s0 0x000007bc<-[0x3ffffb3c,4] a5<-0x7bc 
RevCPU[cpu:InstTrace:9228000]: Core 0 ; Thread 0]; *I 0x101d4:00078513    mv      a0, a5	 0x7bc<-a5 a0<-0x7bc 
RevCPU[cpu:InstTrace:9229000]: Core 0 ; Thread 0]; *I 0x101d8:02c12403    lw      s0, 44(sp)	 0x3ffffb30<-sp 0x3ffffba0<-[0x3ffffb5c,4] s0<-0x3ffffba0 
RevCPU[cpu:InstTrace:9230000]: Core 0 ; Thread 0]; *I 0x101dc:03010113    addi    sp, sp, 48	 0x3ffffb30<-sp sp<-0x3ffffb60 
RevCPU[cpu:InstTrace:9231000]: Core 0 ; Thread 0]; *I 0x101e0:00008067    ret	 0x102e4<-ra pc<-0x102e4 zero<-0x0 
RevCPU[cpu:InstTrace:9232000]: Core 0 ; Thread 0]; *I 0x102e4:fea42623    sw      a0, -20(s0)	 0x3ffffba0<-s0 0x7bc<-a0 [0x3ffffb8c,4]<-0x000007bc 
RevCPU[cpu:InstTrace:9233000]: Core 0 ; Thread 0]; *I 0x102e8:00304013    xori    zero, zero, 3	 0x0<-zero zero<-0x0 
RevCPU[cpu:InstTrace:9234000]: Core 0 ; Thread 0]; *I 0x102ec:fec42703    lw      a4, -20(s0)	 0x3ffffba0<-s0 0x000007bc<-[0x3ffffb8c,4] a4<-0x7bc 
RevCPU[cpu:InstTrace:9235000]: Core 0 ; Thread 0]; *I 0x102f0:7bc00793    li      a5, 1980	 0x0<-zero a5<-0x7bc 
RevCPU[cpu:InstTrace:9236000]: Core 0 ; Thread 0]; *I 0x102f4:00f70463    beq     a4, a5, pc + 8	 0x7bc<-a4 0x7bc<-a5 pc<-0x102fc 
RevCPU[cpu:InstTrace:9237000]: Core 0 ; Thread 0]; *I 0x102fc:00204013  - xori    zero, zero, 2	 0x0<-zero zero<-0x0 
RevCPU[cpu:InstTrace:18156000]: Core 0 ; Thread 0]; *I 0x10330:00304013  + xori    zero, zero, 3	 0x0<-zero zero<-0x0 pc<-0x10334 
RevCPU[cpu:InstTrace:18157000]: Core 0 ; Thread 0]; *I 0x10334:fec42703    lw      a4, -20(s0)	 0x3ffffba0<-s0 0x000003de<-[0x3ffffb8c,4] a4<-0x3de 
RevCPU[cpu:InstTrace:18158000]: Core 0 ; Thread 0]; *I 0x10338:3de00793    li      a5, 990	 0x0<-zero a5<-0x3de 
RevCPU[cpu:InstTrace:18159000]: Core 0 ; Thread 0]; *I 0x1033c:00f70463    beq     a4, a5, pc + 8	 0x3de<-a4 0x3de<-a5 pc<-0x10344 
RevCPU[cpu:InstTrace:18160000]: Core 0 ; Thread 0]; *I 0x10344:00204013  - xori    zero, zero, 2	 0x0<-zero zero<-0x0 
RevCPU[cpu:InstTrace:27090000]: Core 0 ; Thread 0]; *I 0x10358:00304013  + xori    zero, zero, 3	 0x0<-zero zero<-0x0 pc<-0x1035c 
RevCPU[cpu:InstTrace:27091000]: Core 0 ; Thread 0]; *I 0x1035c:fec42783    lw      a5, -20(s0)	 0x3ffffba0<-s0 0x00000000<-[0x3ffffb8c,4] a5<-0x0 
RevCPU[cpu:InstTrace:27092000]: Core 0 ; Thread 0]; *I 0x10360:00078463    beqz    a5, pc + 8	 0x0<-a5 0x0<-zero pc<-0x10368 
RevCPU[cpu:InstTrace:27093000]: Core 0 ; Thread 0]; *I 0x10368:00204013  - xori    zero, zero, 2	 0x0<-zero zero<-0x0 
RevCPU[cpu:InstTrace:27103000]: Core 0 ; Thread 0]; *I 0x101fc:00304013  + xori    zero, zero, 3	 0x0<-zero zero<-0x0 pc<-0x10200 
RevCPU[cpu:InstTrace:27104000]: Core 0 ; Thread 0]; *I 0x10200:00100793    li      a5, 1	 0x0<-zero a5<-0x1 
RevCPU[cpu:InstTrace:27105000]: Core 0 ; Thread 0]; *I 0x10204:fef42623    sw      a5, -20(s0)	 0x3ffffb60<-s0 0x1<-a5 [0x3ffffb4c,4]<-0x00000001 
RevCPU[cpu:InstTrace:27106000]: Core 0 ; Thread 0]; *I 0x10208:fe042423    sw      zero, -24(s0)	 0x3ffffb60<-s0 0x0<-zero [0x3ffffb48,4]<-0x00000000 
RevCPU[cpu:InstTrace:27107000]: Core 0 ; Thread 0]; *I 0x1020c:0240006f    j       pc + 0x24	 zero<-0x0 pc<-0x10230 
RevCPU[cpu:InstTrace:27108000]: Core 0 ; Thread 0]; *I 0x10230:fe842703    lw      a4, -24(s0)	 0x3ffffb60<-s0 0x00000000<-[0x3ffffb48,4] a4<-0x0 
RevCPU[cpu:InstTrace:27109000]: Core 0 ; Thread 0]; *I 0x10234:fd842783    lw      a5, -40(s0)	 0x3ffffb60<-s0 0x00000005<-[0x3ffffb38,4] a5<-0x5 
RevCPU[cpu:InstTrace:27110000]: Core 0 ; Thread 0]; *I 0x10238:fcf74ce3    blt     a4, a5, pc - 40	 0x0<-a4 0x5<-a5 pc<-0x10210 
RevCPU[cpu:InstTrace:27111000]: Core 0 ; Thread 0]; *I 0x10210:fdc42583    lw      a1, -36(s0)	 0x3ffffb60<-s0 0x0000000a<-[0x3ffffb3c,4] a1<-0xa 
RevCPU[cpu:InstTrace:27112000]: Core 0 ; Thread 0]; *I 0x10214:fec42503    lw      a0, -20(s0)	 0x3ffffb60<-s0 0x00000001<-[0x3ffffb4c,4] a0<-0x1 
RevCPU[cpu:InstTrace:27113000]: Core 0 ; Thread 0]; *I 0x10218:24c000ef    jal     pc + 0x24c	 ra<-0x1021c pc<-0x10464 <__mulsi3> 
RevCPU[cpu:InstTrace:27115000]: Core 0 ; Thread 0]; *I 0x10464:00050613    mv      a2, a0	 0x1<-a0 a2<-0x1 
RevCPU[cpu:InstTrace:27116000]: Core 0 ; Thread 0]; *I 0x10468:00000513    li      a0, 0	 0x0<-zero a0<-0x0 
RevCPU[cpu:InstTrace:27117000]: Core 0 ; Thread 0]; *I 0x1046c:0015f693    andi    a3, a1, 1	 0xa<-a1 a3<-0x0 
RevCPU[cpu:InstTrace:27118000]: Core 0 ; Thread 0]; *I 0x10470:00068463    beqz    a3, pc + 8	 0x0<-a3 0x0<-zero pc<-0x10478 
RevCPU[cpu:InstTrace:27119000]: Core 0 ; Thread 0]; *I 0x10478:0015d593    srli    a1, a1, 1	 0xa<-a1 a1<-0x5 
RevCPU[cpu:InstTrace:27120000]: Core 0 ; Thread 0]; *I 0x1047c:00161613    slli    a2, a2, 1	 0x1<-a2 a2<-0x2 
RevCPU[cpu:InstTrace:27121000]: Core 0 ; Thread 0]; *I 0x10480:fe0596e3    bnez    a1, pc - 20	 0x5<-a1 0x0<-zero pc<-0x1046c 
RevCPU[cpu:InstTrace:27122000]: Core 0 ; Thread 0]; *I 0x1046c:0015f693    andi    a3, a1, 1	 0x5<-a1 a3<-0x1 
RevCPU[cpu:InstTrace:27123000]: Core 0 ; Thread 0]; *I 0x10470:00068463    beqz    a3, pc + 8	 0x1<-a3 0x0<-zero 
RevCPU[cpu:InstTrace:27124000]: Core 0 ; Thread 0]; *I 0x10474:00c50533    add     a0, a0, a2	 0x0<-a0 0x2<-a2 a0<-0x2 
RevCPU[cpu:InstTrace:27125000]: Core 0 ; Thread 0]; *I 0x10478:0015d593    srli    a1, a1, 1	 0x5<-a1 a1<-0x2 
RevCPU[cpu:InstTrace:27126000]: Core 0 ; Thread 0]; *I 0x1047c:00161613    slli    a2, a2, 1	 0x2<-a2 a2<-0x4 
RevCPU[cpu:InstTrace:27127000]: Core 0 ; Thread 0]; *I 0x10480:fe0596e3    bnez    a1, pc - 20	 0x2<-a1 0x0<-zero pc<-0x1046c 
RevCPU[cpu:InstTrace:27128000]: Core 0 ; Thread 0]; *I 0x1046c:0015f693    andi    a3, a1, 1	 0x2<-a1 a3<-0x0 
RevCPU[cpu:InstTrace:27129000]: Core 0 ; Thread 0]; *I 0x10470:00068463    beqz    a3, pc + 8	 0x0<-a3 0x0<-zero pc<-0x10478 
RevCPU[cpu:InstTrace:27130000]: Core 0 ; Thread 0]; *I 0x10478:0015d593    srli    a1, a1, 1	 0x2<-a1 a1<-0x1 
RevCPU[cpu:InstTrace:27131000]: Core 0 ; Thread 0]; *I 0x1047c:00161613    slli    a2, a2, 1	 0x4<-a2 a2<-0x8 
RevCPU[cpu:InstTrace:27132000]: Core 0 ; Thread 0]; *I 0x10480:fe0596e3    bnez    a1, pc - 20	 0x1<-a1 0x0<-zero pc<-0x1046c 
RevCPU[cpu:InstTrace:27133000]: Core 0 ; Thread 0]; *I 0x1046c:0015f693    andi    a3, a1, 1	 0x1<-a1 a3<-0x1 
RevCPU[cpu:InstTrace:27134000]: Core 0 ; Thread 0]; *I 0x10470:00068463    beqz    a3, pc + 8	 0x1<-a3 0x0<-zero 
RevCPU[cpu:InstTrace:27135000]: Core 0 ; Thread 0]; *I 0x10474:00c50533    add     a0, a0, a2	 0x2<-a0 0x8<-a2 a0<-0xa 
RevCPU[cpu:InstTrace:27136000]: Core 0 ; Thread 0]; *I 0x10478:0015d593    srli    a1, a1, 1	 0x1<-a1 a1<-0x0 
RevCPU[cpu:InstTrace:27137000]: Core 0 ; Thread 0]; *I 0x1047c:00161613    slli    a2, a2, 1	 0x8<-a2 a2<-0x10 
RevCPU[cpu:InstTrace:27138000]: Core 0 ; Thread 0]; *I 0x10480:fe0596e3    bnez    a1, pc - 20	 0x0<-a1 0x0<-zero 
RevCPU[cpu:InstTrace:27139000]: Core 0 ; Thread 0]; *I 0x10484:00008067    ret	 0x1021c<-ra pc<-0x1021c zero<-0x0 
RevCPU[cpu:InstTrace:27140000]: Core 0 ; Thread 0]; *I 0x1021c:00050793    mv      a5, a0	 0xa<-a0 a5<-0xa 
RevCPU[cpu:InstTrace:27141000]: Core 0 ; Thread 0]; *I 0x10220:fef42623    sw      a5, -20(s0)	 0x3ffffb60<-s0 0xa<-a5 [0x3ffffb4c,4]<-0x0000000a 
RevCPU[cpu:InstTrace:27142000]: Core 0 ; Thread 0]; *I 0x10224:fe842783    lw      a5, -24(s0)	 0x3ffffb60<-s0 0x00000000<-[0x3ffffb48,4] a5<-0x0 
RevCPU[cpu:InstTrace:27143000]: Core 0 ; Thread 0]; *I 0x10228:00178793    addi    a5, a5, 1	 0x0<-a5 a5<-0x1 
RevCPU[cpu:InstTrace:27144000]: Core 0 ; Thread 0]; *I 0x1022c:fef42423    sw      a5, -24(s0)	 0x3ffffb60<-s0 0x1<-a5 [0x3ffffb48,4]<-0x00000001 
RevCPU[cpu:InstTrace:27145000]: Core 0 ; Thread 0]; *I 0x10230:fe842703    lw      a4, -24(s0)	 0x3ffffb60<-s0 0x00000001<-[0x3ffffb48,4] a4<-0x1 
RevCPU[cpu:InstTrace:27146000]: Core 0 ; Thread 0]; *I 0x10234:fd842783    lw      a5, -40(s0)	 0x3ffffb60<-s0 0x00000005<-[0x3ffffb38,4] a5<-0x5 
RevCPU[cpu:InstTrace:27147000]: Core 0 ; Thread 0]; *I 0x10238:fcf74ce3    blt     a4, a5, pc - 40	 0x1<-a4 0x5<-a5 pc<-0x10210 
RevCPU[cpu:InstTrace:27148000]: Core 0 ; Thread 0]; *I 0x10210:fdc42583    lw      a1, -36(s0)	 0x3ffffb60<-s0 0x0000000a<-[0x3ffffb3c,4] a1<-0xa 
RevCPU[cpu:InstTrace:27149000]: Core 0 ; Thread 0]; *I 0x10214:fec42503    lw      a0, -20(s0)	 0x3ffffb60<-s0 0x0000000a<-[0x3ffffb4c,4] a0<-0xa 
RevCPU[cpu:InstTrace:27150000]: Core 0 ; Thread 0]; *I 0x10218:24c000ef    jal     pc + 0x24c	 ra<-0x1021c pc<-0x10464 <__mulsi3> 
RevCPU[cpu:InstTrace:27151000]: Core 0 ; Thread 0]; *I 0x10464:00050613    mv      a2, a0	 0xa<-a0 a2<-0xa 
RevCPU[cpu:InstTrace:27152000]: Core 0 ; Thread 0]; *I 0x10468:00000513    li      a0, 0	 0x0<-zero a0<-0x0 
RevCPU[cpu:InstTrace:27153000]: Core 0 ; Thread 0]; *I 0x1046c:0015f693    andi    a3, a1, 1	 0xa<-a1 a3<-0x0 
RevCPU[cpu:InstTrace:27154000]: Core 0 ; Thread 0]; *I 0x10470:00068463    beqz    a3, pc + 8	 0x0<-a3 0x0<-zero pc<-0x10478 
RevCPU[cpu:InstTrace:27155000]: Core 0 ; Thread 0]; *I 0x10478:0015d593    srli    a1, a1, 1	 0xa<-a1 a1<-0x5 
RevCPU[cpu:InstTrace:27156000]: Core 0 ; Thread 0]; *I 0x1047c:00161613    slli    a2, a2, 1	 0xa<-a2 a2<-0x14 
RevCPU[cpu:InstTrace:27157000]: Core 0 ; Thread 0]; *I 0x10480:fe0596e3    bnez    a1, pc - 20	 0x5<-a1 0x0<-zero pc<-0x1046c 
RevCPU[cpu:InstTrace:27158000]: Core 0 ; Thread 0]; *I 0x1046c:0015f693    andi    a3, a1, 1	 0x5<-a1 a3<-0x1 
RevCPU[cpu:InstTrace:27159000]: Core 0 ; Thread 0]; *I 0x10470:00068463    beqz    a3, pc + 8	 0x1<-a3 0x0<-zero 
RevCPU[cpu:InstTrace:27160000]: Core 0 ; Thread 0]; *I 0x10474:00c50533    add     a0, a0, a2	 0x0<-a0 0x14<-a2 a0<-0x14 
RevCPU[cpu:InstTrace:27161000]: Core 0 ; Thread 0]; *I 0x10478:0015d593    srli    a1, a1, 1	 0x5<-a1 a1<-0x2 
RevCPU[cpu:InstTrace:27162000]: Core 0 ; Thread 0]; *I 0x1047c:00161613    slli    a2, a2, 1	 0x14<-a2 a2<-0x28 
RevCPU[cpu:InstTrace:27163000]: Core 0 ; Thread 0]; *I 0x10480:fe0596e3    bnez    a1, pc - 20	 0x2<-a1 0x0<-zero pc<-0x1046c 
RevCPU[cpu:InstTrace:27164000]: Core 0 ; Thread 0]; *I 0x1046c:0015f693    andi    a3, a1, 1	 0x2<-a1 a3<-0x0 
RevCPU[cpu:InstTrace:27165000]: Core 0 ; Thread 0]; *I 0x10470:00068463    beqz    a3, pc + 8	 0x0<-a3 0x0<-zero pc<-0x10478 
RevCPU[cpu:InstTrace:27166000]: Core 0 ; Thread 0]; *I 0x10478:0015d593    srli    a1, a1, 1	 0x2<-a1 a1<-0x1 
RevCPU[cpu:InstTrace:27167000]: Core 0 ; Thread 0]; *I 0x1047c:00161613    slli    a2, a2, 1	 0x28<-a2 a2<-0x50 
RevCPU[cpu:InstTrace:27168000]: Core 0 ; Thread 0]; *I 0x10480:fe0596e3    bnez    a1, pc - 20	 0x1<-a1 0x0<-zero pc<-0x1046c 
RevCPU[cpu:InstTrace:27169000]: Core 0 ; Thread 0]; *I 0x1046c:0015f693    andi    a3, a1, 1	 0x1<-a1 a3<-0x1 
RevCPU[cpu:InstTrace:27170000]: Core 0 ; Thread 0]; *I 0x10470:00068463    beqz    a3, pc + 8	 0x1<-a3 0x0<-zero 
RevCPU[cpu:InstTrace:27171000]: Core 0 ; Thread 0]; *I 0x10474:00c50533    add     a0, a0, a2	 0x14<-a0 0x50<-a2 a0<-0x64 
RevCPU[cpu:InstTrace:27172000]: Core 0 ; Thread 0]; *I 0x10478:0015d593    srli    a1, a1, 1	 0x1<-a1 a1<-0x0 
RevCPU[cpu:InstTrace:27173000]: Core 0 ; Thread 0]; *I 0x1047c:00161613    slli    a2, a2, 1	 0x50<-a2 a2<-0xa0 
RevCPU[cpu:InstTrace:27174000]: Core 0 ; Thread 0]; *I 0x10480:fe0596e3    bnez    a1, pc - 20	 0x0<-a1 0x0<-zero 
RevCPU[cpu:InstTrace:27175000]: Core 0 ; Thread 0]; *I 0x10484:00008067    ret	 0x1021c<-ra pc<-0x1021c zero<-0x0 
RevCPU[cpu:InstTrace:27176000]: Core 0 ; Thread 0]; *I 0x1021c:00050793    mv      a5, a0	 0x64<-a0 a5<-0x64 
RevCPU[cpu:InstTrace:27177000]: Core 0 ; Thread 0]; *I 0x10220:fef42623    sw      a5, -20(s0)	 0x3ffffb60<-s0 0x64<-a5 [0x3ffffb4c,4]<-0x00000064 
RevCPU[cpu:InstTrace:27178000]: Core 0 ; Thread 0]; *I 0x10224:fe842783    lw      a5, -24(s0)	 0x3ffffb60<-s0 0x00000001<-[0x3ffffb48,4] a5<-0x1 
RevCPU[cpu:InstTrace:27179000]: Core 0 ; Thread 0]; *I 0x10228:00178793    addi    a5, a5, 1	 0x1<-a5 a5<-0x2 
RevCPU[cpu:InstTrace:27180000]: Core 0 ; Thread 0]; *I 0x1022c:fef42423    sw      a5, -24(s0)	 0x3ffffb60<-s0 0x2<-a5 [0x3ffffb48,4]<-0x00000002 
RevCPU[cpu:InstTrace:27181000]: Core 0 ; Thread 0]; *I 0x10230:fe842703    lw      a4, -24(s0)	 0x3ffffb60<-s0 0x00000002<-[0x3ffffb48,4] a4<-0x2 
RevCPU[cpu:InstTrace:27182000]: Core 0 ; Thread 0]; *I 0x10234:fd842783    lw      a5, -40(s0)	 0x3ffffb60<-s0 0x00000005<-[0x3ffffb38,4] a5<-0x5 
RevCPU[cpu:InstTrace:27183000]: Core 0 ; Thread 0]; *I 0x10238:fcf74ce3    blt     a4, a5, pc - 40	 0x2<-a4 0x5<-a5 pc<-0x10210 
RevCPU[cpu:InstTrace:27184000]: Core 0 ; Thread 0]; *I 0x10210:fdc42583    lw      a1, -36(s0)	 0x3ffffb60<-s0 0x0000000a<-[0x3ffffb3c,4] a1<-0xa 
RevCPU[cpu:InstTrace:27185000]: Core 0 ; Thread 0]; *I 0x10214:fec42503    lw      a0, -20(s0)	 0x3ffffb60<-s0 0x00000064<-[0x3ffffb4c,4] a0<-0x64 
RevCPU[cpu:InstTrace:27186000]: Core 0 ; Thread 0]; *I 0x10218:24c000ef    jal     pc + 0x24c	 ra<-0x1021c pc<-0x10464 <__mulsi3> 
RevCPU[cpu:InstTrace:27187000]: Core 0 ; Thread 0]; *I 0x10464:00050613    mv      a2, a0	 0x64<-a0 a2<-0x64 
RevCPU[cpu:InstTrace:27188000]: Core 0 ; Thread 0]; *I 0x10468:00000513    li      a0, 0	 0x0<-zero a0<-0x0 
RevCPU[cpu:InstTrace:27189000]: Core 0 ; Thread 0]; *I 0x1046c:0015f693    andi    a3, a1, 1	 0xa<-a1 a3<-0x0 
RevCPU[cpu:InstTrace:27190000]: Core 0 ; Thread 0]; *I 0x10470:00068463    beqz    a3, pc + 8	 0x0<-a3 0x0<-zero pc<-0x10478 
RevCPU[cpu:InstTrace:27191000]: Core 0 ; Thread 0]; *I 0x10478:0015d593    srli    a1, a1, 1	 0xa<-a1 a1<-0x5 
RevCPU[cpu:InstTrace:27192000]: Core 0 ; Thread 0]; *I 0x1047c:00161613    slli    a2, a2, 1	 0x64<-a2 a2<-0xc8 
RevCPU[cpu:InstTrace:27193000]: Core 0 ; Thread 0]; *I 0x10480:fe0596e3    bnez    a1, pc - 20	 0x5<-a1 0x0<-zero pc<-0x1046c 
RevCPU[cpu:InstTrace:27194000]: Core 0 ; Thread 0]; *I 0x1046c:0015f693    andi    a3, a1, 1	 0x5<-a1 a3<-0x1 
RevCPU[cpu:InstTrace:27195000]: Core 0 ; Thread 0]; *I 0x10470:00068463    beqz    a3, pc + 8	 0x1<-a3 0x0<-zero 
RevCPU[cpu:InstTrace:27196000]: Core 0 ; Thread 0]; *I 0x10474:00c50533    add     a0, a0, a2	 0x0<-a0 0xc8<-a2 a0<-0xc8 
RevCPU[cpu:InstTrace:27197000]: Core 0 ; Thread 0]; *I 0x10478:0015d593    srli    a1, a1, 1	 0x5<-a1 a1<-0x2 
RevCPU[cpu:InstTrace:27198000]: Core 0 ; Thread 0]; *I 0x1047c:00161613    slli    a2, a2, 1	 0xc8<-a2 a2<-0x190 
RevCPU[cpu:InstTrace:27199000]: Core 0 ; Thread 0]; *I 0x10480:fe0596e3    bnez    a1, pc - 20	 0x2<-a1 0x0<-zero pc<-0x1046c 
RevCPU[cpu:InstTrace:27200000]: Core 0 ; Thread 0]; *I 0x1046c:0015f693    andi    a3, a1, 1	 0x2<-a1 a3<-0x0 
RevCPU[cpu:InstTrace:27201000]: Core 0 ; Thread 0]; *I 0x10470:00068463    beqz    a3, pc + 8	 0x0<-a3 0x0<-zero pc<-0x10478 
RevCPU[cpu:InstTrace:27202000]: Core 0 ; Thread 0]; *I 0x10478:0015d593    srli    a1, a1, 1	 0x2<-a1 a1<-0x1 
RevCPU[cpu:InstTrace:27203000]: Core 0 ; Thread 0]; *I 0x1047c:00161613    slli    a2, a2, 1	 0x190<-a2 a2<-0x320 
RevCPU[cpu:InstTrace:27204000]: Core 0 ; Thread 0]; *I 0x10480:fe0596e3    bnez    a1, pc - 20	 0x1<-a1 0x0<-zero pc<-0x1046c 
RevCPU[cpu:InstTrace:27205000]: Core 0 ; Thread 0]; *I 0x1046c:0015f693    andi    a3, a1, 1	 0x1<-a1 a3<-0x1 
RevCPU[cpu:InstTrace:27206000]: Core 0 ; Thread 0]; *I 0x10470:00068463    beqz    a3, pc + 8	 0x1<-a3 0x0<-zero 
RevCPU[cpu:InstTrace:27207000]: Core 0 ; Thread 0]; *I 0x10474:00c50533    add     a0, a0, a2	 0xc8<-a0 0x320<-a2 a0<-0x3e8 
RevCPU[cpu:InstTrace:27208000]: Core 0 ; Thread 0]; *I 0x10478:0015d593    srli    a1, a1, 1	 0x1<-a1 a1<-0x0 
RevCPU[cpu:InstTrace:27209000]: Core 0 ; Thread 0]; *I 0x1047c:00161613    slli    a2, a2, 1	 0x320<-a2 a2<-0x640 
RevCPU[cpu:InstTrace:27210000]: Core 0 ; Thread 0]; *I 0x10480:fe0596e3    bnez    a1, pc - 20	 0x0<-a1 0x0<-zero 
RevCPU[cpu:InstTrace:27211000]: Core 0 ; Thread 0]; *I 0x10484:00008067    ret	 0x1021c<-ra pc<-0x1021c zero<-0x0 
RevCPU[cpu:InstTrace:27212000]: Core 0 ; Thread 0]; *I 0x1021c:00050793    mv      a5, a0	 0x3e8<-a0 a5<-0x3e8 
RevCPU[cpu:InstTrace:27213000]: Core 0 ; Thread 0]; *I 0x10220:fef42623    sw      a5, -20(s0)	 0x3ffffb60<-s0 0x3e8<-a5 [0x3ffffb4c,4]<-0x000003e8 
RevCPU[cpu:InstTrace:27214000]: Core 0 ; Thread 0]; *I 0x10224:fe842783    lw      a5, -24(s0)	 0x3ffffb60<-s0 0x00000002<-[0x3ffffb48,4] a5<-0x2 
RevCPU[cpu:InstTrace:27215000]: Core 0 ; Thread 0]; *I 0x10228:00178793    addi    a5, a5, 1	 0x2<-a5 a5<-0x3 
RevCPU[cpu:InstTrace:27216000]: Core 0 ; Thread 0]; *I 0x1022c:fef42423    sw      a5, -24(s0)	 0x3ffffb60<-s0 0x3<-a5 [0x3ffffb48,4]<-0x00000003 
RevCPU[cpu:InstTrace:27217000]: Core 0 ; Thread 0]; *I 0x10230:fe842703    lw      a4, -24(s0)	 0x3ffffb60<-s0 0x00000003<-[0x3ffffb48,4] a4<-0x3 
RevCPU[cpu:InstTrace:27218000]: Core 0 ; Thread 0]; *I 0x10234:fd842783    lw      a5, -40(s0)	 0x3ffffb60<-s0 0x00000005<-[0x3ffffb38,4] a5<-0x5 
RevCPU[cpu:InstTrace:27219000]: Core 0 ; Thread 0]; *I 0x10238:fcf74ce3    blt     a4, a5, pc - 40	 0x3<-a4 0x5<-a5 pc<-0x10210 
RevCPU[cpu:InstTrace:27220000]: Core 0 ; Thread 0]; *I 0x10210:fdc42583    lw      a1, -36(s0)	 0x3ffffb60<-s0 0x0000000a<-[0x3ffffb3c,4] a1<-0xa 
RevCPU[cpu:InstTrace:27221000]: Core 0 ; Thread 0]; *I 0x10214:fec42503    lw      a0, -20(s0)	 0x3ffffb60<-s0 0x000003e8<-[0x3ffffb4c,4] a0<-0x3e8 
RevCPU[cpu:InstTrace:27222000]: Core 0 ; Thread 0]; *I 0x10218:24c000ef    jal     pc + 0x24c	 ra<-0x1021c pc<-0x10464 <__mulsi3> 
RevCPU[cpu:InstTrace:27223000]: Core 0 ; Thread 0]; *I 0x10464:00050613    mv      a2, a0	 0x3e8<-a0 a2<-0x3e8 
RevCPU[cpu:InstTrace:27224000]: Core 0 ; Thread 0]; *I 0x10468:00000513    li      a0, 0	 0x0<-zero a0<-0x0 
RevCPU[cpu:InstTrace:27225000]: Core 0 ; Thread 0]; *I 0x1046c:0015f693    andi    a3, a1, 1	 0xa<-a1 a3<-0x0 
RevCPU[cpu:InstTrace:27226000]: Core 0 ; Thread 0]; *I 0x10470:00068463    beqz    a3, pc + 8	 0x0<-a3 0x0<-zero pc<-0x10478 
RevCPU[cpu:InstTrace:27227000]: Core 0 ; Thread 0]; *I 0x10478:0015d593    srli    a1, a1, 1	 0xa<-a1 a1<-0x5 
RevCPU[cpu:InstTrace:27228000]: Core 0 ; Thread 0]; *I 0x1047c:00161613    slli    a2, a2, 1	 0x3e8<-a2 a2<-0x7d0 
RevCPU[cpu:InstTrace:27229000]: Core 0 ; Thread 0]; *I 0x10480:fe0596e3    bnez    a1, pc - 20	 0x5<-a1 0x0<-zero pc<-0x1046c 
RevCPU[cpu:InstTrace:27230000]: Core 0 ; Thread 0]; *I 0x1046c:0015f693    andi    a3, a1, 1	 0x5<-a1 a3<-0x1 
RevCPU[cpu:InstTrace:27231000]: Core 0 ; Thread 0]; *I 0x10470:00068463    beqz    a3, pc + 8	 0x1<-a3 0x0<-zero 
RevCPU[cpu:InstTrace:27232000]: Core 0 ; Thread 0]; *I 0x10474:00c50533    add     a0, a0, a2	 0x0<-a0 0x7d0<-a2 a0<-0x7d0 
RevCPU[cpu:InstTrace:27233000]: Core 0 ; Thread 0]; *I 0x10478:0015d593    srli    a1, a1, 1	 0x5<-a1 a1<-0x2 
RevCPU[cpu:InstTrace:27234000]: Core 0 ; Thread 0]; *I 0x1047c:00161613    slli    a2, a2, 1	 0x7d0<-a2 a2<-0xfa0 
RevCPU[cpu:InstTrace:27235000]: Core 0 ; Thread 0]; *I 0x10480:fe0596e3    bnez    a1, pc - 20	 0x2<-a1 0x0<-zero pc<-0x1046c 
RevCPU[cpu:InstTrace:27236000]: Core 0 ; Thread 0]; *I 0x1046c:0015f693    andi    a3, a1, 1	 0x2<-a1 a3<-0x0 
RevCPU[cpu:InstTrace:27237000]: Core 0 ; Thread 0]; *I 0x10470:00068463    beqz    a3, pc + 8	 0x0<-a3 0x0<-zero pc<-0x10478 
RevCPU[cpu:InstTrace:27238000]: Core 0 ; Thread 0]; *I 0x10478:0015d593    srli    a1, a1, 1	 0x2<-a1 a1<-0x1 
RevCPU[cpu:InstTrace:27239000]: Core 0 ; Thread 0]; *I 0x1047c:00161613    slli    a2, a2, 1	 0xfa0<-a2 a2<-0x1f40 
RevCPU[cpu:InstTrace:27240000]: Core 0 ; Thread 0]; *I 0x10480:fe0596e3    bnez    a1, pc - 20	 0x1<-a1 0x0<-zero pc<-0x1046c 
RevCPU[cpu:InstTrace:27241000]: Core 0 ; Thread 0]; *I 0x1046c:0015f693    andi    a3, a1, 1	 0x1<-a1 a3<-0x1 
RevCPU[cpu:InstTrace:27242000]: Core 0 ; Thread 0]; *I 0x10470:00068463    beqz    a3, pc + 8	 0x1<-a3 0x0<-zero 
RevCPU[cpu:InstTrace:27243000]: Core 0 ; Thread 0]; *I 0x10474:00c50533    add     a0, a0, a2	 0x7d0<-a0 0x1f40<-a2 a0<-0x2710 
RevCPU[cpu:InstTrace:27244000]: Core 0 ; Thread 0]; *I 0x10478:0015d593    srli    a1, a1, 1	 0x1<-a1 a1<-0x0 
RevCPU[cpu:InstTrace:27245000]: Core 0 ; Thread 0]; *I 0x1047c:00161613    slli    a2, a2, 1	 0x1f40<-a2 a2<-0x3e80 
RevCPU[cpu:InstTrace:27246000]: Core 0 ; Thread 0]; *I 0x10480:fe0596e3    bnez    a1, pc - 20	 0x0<-a1 0x0<-zero 
RevCPU[cpu:InstTrace:27247000]: Core 0 ; Thread 0]; *I 0x10484:00008067    ret	 0x1021c<-ra pc<-0x1021c zero<-0x0 
RevCPU[cpu:InstTrace:27248000]: Core 0 ; Thread 0]; *I 0x1021c:00050793    mv      a5, a0	 0x2710<-a0 a5<-0x2710 
RevCPU[cpu:InstTrace:27249000]: Core 0 ; Thread 0]; *I 0x10220:fef42623    sw      a5, -20(s0)	 0x3ffffb60<-s0 0x2710<-a5 [0x3ffffb4c,4]<-0x00002710 
RevCPU[cpu:InstTrace:27250000]: Core 0 ; Thread 0]; *I 0x10224:fe842783    lw      a5, -24(s0)	 0x3ffffb60<-s0 0x00000003<-[0x3ffffb48,4] a5<-0x3 
RevCPU[cpu:InstTrace:27251000]: Core 0 ; Thread 0]; *I 0x10228:00178793    addi    a5, a5, 1	 0x3<-a5 a5<-0x4 
RevCPU[cpu:InstTrace:27252000]: Core 0 ; Thread 0]; *I 0x1022c:fef42423    sw      a5, -24(s0)	 0x3ffffb60<-s0 0x4<-a5 [0x3ffffb48,4]<-0x00000004 
RevCPU[cpu:InstTrace:27253000]: Core 0 ; Thread 0]; *I 0x10230:fe842703    lw      a4, -24(s0)	 0x3ffffb60<-s0 0x00000004<-[0x3ffffb48,4] a4<-0x4 
RevCPU[cpu:InstTrace:27254000]: Core 0 ; Thread 0]; *I 0x10234:fd842783    lw      a5, -40(s0)	 0x3ffffb60<-s0 0x00000005<-[0x3ffffb38,4] a5<-0x5 
RevCPU[cpu:InstTrace:27255000]: Core 0 ; Thread 0]; *I 0x10238:fcf74ce3    blt     a4, a5, pc - 40	 0x4<-a4 0x5<-a5 pc<-0x10210 
RevCPU[cpu:InstTrace:27256000]: Core 0 ; Thread 0]; *I 0x10210:fdc42583    lw      a1, -36(s0)	 0x3ffffb60<-s0 0x0000000a<-[0x3ffffb3c,4] a1<-0xa 
RevCPU[cpu:InstTrace:27257000]: Core 0 ; Thread 0]; *I 0x10214:fec42503    lw      a0, -20(s0)	 0x3ffffb60<-s0 0x00002710<-[0x3ffffb4c,4] a0<-0x2710 
RevCPU[cpu:InstTrace:27258000]: Core 0 ; Thread 0]; *I 0x10218:24c000ef    jal     pc + 0x24c	 ra<-0x1021c pc<-0x10464 <__mulsi3> 
RevCPU[cpu:InstTrace:27259000]: Core 0 ; Thread 0]; *I 0x10464:00050613    mv      a2, a0	 0x2710<-a0 a2<-0x2710 
RevCPU[cpu:InstTrace:27260000]: Core 0 ; Thread 0]; *I 0x10468:00000513    li      a0, 0	 0x0<-zero a0<-0x0 
RevCPU[cpu:InstTrace:27261000]: Core 0 ; Thread 0]; *I 0x1046c:0015f693    andi    a3, a1, 1	 0xa<-a1 a3<-0x0 
RevCPU[cpu:InstTrace:27262000]: Core 0 ; Thread 0]; *I 0x10470:00068463    beqz    a3, pc + 8	 0x0<-a3 0x0<-zero pc<-0x10478 
RevCPU[cpu:InstTrace:27263000]: Core 0 ; Thread 0]; *I 0x10478:0015d593    srli    a1, a1, 1	 0xa<-a1 a1<-0x5 
RevCPU[cpu:InstTrace:27264000]: Core 0 ; Thread 0]; *I 0x1047c:00161613    slli    a2, a2, 1	 0x2710<-a2 a2<-0x4e20 
RevCPU[cpu:InstTrace:27265000]: Core 0 ; Thread 0]; *I 0x10480:fe0596e3    bnez    a1, pc - 20	 0x5<-a1 0x0<-zero pc<-0x1046c 
RevCPU[cpu:InstTrace:27266000]: Core 0 ; Thread 0]; *I 0x1046c:0015f693    andi    a3, a1, 1	 0x5<-a1 a3<-0x1 
RevCPU[cpu:InstTrace:27267000]: Core 0 ; Thread 0]; *I 0x10470:00068463    beqz    a3, pc + 8	 0x1<-a3 0x0<-zero 
RevCPU[cpu:InstTrace:27268000]: Core 0 ; Thread 0]; *I 0x10474:00c50533    add     a0, a0, a2	 0x0<-a0 0x4e20<-a2 a0<-0x4e20 
RevCPU[cpu:InstTrace:27269000]: Core 0 ; Thread 0]; *I 0x10478:0015d593    srli    a1, a1, 1	 0x5<-a1 a1<-0x2 
RevCPU[cpu:InstTrace:27270000]: Core 0 ; Thread 0]; *I 0x1047c:00161613    slli    a2, a2, 1	 0x4e20<-a2 a2<-0x9c40 
RevCPU[cpu:InstTrace:27271000]: Core 0 ; Thread 0]; *I 0x10480:fe0596e3    bnez    a1, pc - 20	 0x2<-a1 0x0<-zero pc<-0x1046c 
RevCPU[cpu:InstTrace:27272000]: Core 0 ; Thread 0]; *I 0x1046c:0015f693    andi    a3, a1, 1	 0x2<-a1 a3<-0x0 
RevCPU[cpu:InstTrace:27273000]: Core 0 ; Thread 0]; *I 0x10470:00068463    beqz    a3, pc + 8	 0x0<-a3 0x0<-zero pc<-0x10478 
RevCPU[cpu:InstTrace:27274000]: Core 0 ; Thread 0]; *I 0x10478:0015d593    srli    a1, a1, 1	 0x2<-a1 a1<-0x1 
RevCPU[cpu:InstTrace:27275000]: Core 0 ; Thread 0]; *I 0x1047c:00161613    slli    a2, a2, 1	 0x9c40<-a2 a2<-0x13880 
RevCPU[cpu:InstTrace:27276000]: Core 0 ; Thread 0]; *I 0x10480:fe0596e3    bnez    a1, pc - 20	 0x1<-a1 0x0<-zero pc<-0x1046c 
RevCPU[cpu:InstTrace:27277000]: Core 0 ; Thread 0]; *I 0x1046c:0015f693    andi    a3, a1, 1	 0x1<-a1 a3<-0x1 
RevCPU[cpu:InstTrace:27278000]: Core 0 ; Thread 0]; *I 0x10470:00068463    beqz    a3, pc + 8	 0x1<-a3 0x0<-zero 
RevCPU[cpu:InstTrace:27279000]: Core 0 ; Thread 0]; *I 0x10474:00c50533    add     a0, a0, a2	 0x4e20<-a0 0x13880<-a2 a0<-0x186a0 
RevCPU[cpu:InstTrace:27280000]: Core 0 ; Thread 0]; *I 0x10478:0015d593    srli    a1, a1, 1	 0x1<-a1 a1<-0x0 
RevCPU[cpu:InstTrace:27281000]: Core 0 ; Thread 0]; *I 0x1047c:00161613    slli    a2, a2, 1	 0x13880<-a2 a2<-0x27100 
RevCPU[cpu:InstTrace:27282000]: Core 0 ; Thread 0]; *I 0x10480:fe0596e3    bnez    a1, pc - 20	 0x0<-a1 0x0<-zero 
RevCPU[cpu:InstTrace:27283000]: Core 0 ; Thread 0]; *I 0x10484:00008067    ret	 0x1021c<-ra pc<-0x1021c zero<-0x0 
RevCPU[cpu:InstTrace:27284000]: Core 0 ; Thread 0]; *I 0x1021c:00050793    mv      a5, a0	 0x186a0<-a0 a5<-0x186a0 
RevCPU[cpu:InstTrace:27285000]: Core 0 ; Thread 0]; *I 0x10220:fef42623    sw      a5, -20(s0)	 0x3ffffb60<-s0 0x186a0<-a5 [0x3ffffb4c,4]<-0x000186a0 
RevCPU[cpu:InstTrace:27286000]: Core 0 ; Thread 0]; *I 0x10224:fe842783    lw      a5, -24(s0)	 0x3ffffb60<-s0 0x00000004<-[0x3ffffb48,4] a5<-0x4 
RevCPU[cpu:InstTrace:27287000]: Core 0 ; Thread 0]; *I 0x10228:00178793    addi    a5, a5, 1	 0x4<-a5 a5<-0x5 
RevCPU[cpu:InstTrace:27288000]: Core 0 ; Thread 0]; *I 0x1022c:fef42423    sw      a5, -24(s0)	 0x3ffffb60<-s0 0x5<-a5 [0x3ffffb48,4]<-0x00000005 
RevCPU[cpu:InstTrace:27289000]: Core 0 ; Thread 0]; *I 0x10230:fe842703    lw      a4, -24(s0)	 0x3ffffb60<-s0 0x00000005<-[0x3ffffb48,4] a4<-0x5 
RevCPU[cpu:InstTrace:27290000]: Core 0 ; Thread 0]; *I 0x10234:fd842783    lw      a5, -40(s0)	 0x3ffffb60<-s0 0x00000005<-[0x3ffffb38,4] a5<-0x5 
RevCPU[cpu:InstTrace:27291000]: Core 0 ; Thread 0]; *I 0x10238:fcf74ce3    blt     a4, a5, pc - 40	 0x5<-a4 0x5<-a5 
RevCPU[cpu:InstTrace:27292000]: Core 0 ; Thread 0]; *I 0x1023c:00404013  - xori    zero, zero, 4	 0x0<-zero zero<-0x0 
RevCPU[cpu:InstTrace:27300000]: Core 0 ; Thread 0]; *I 0x1037c:00304013  + xori    zero, zero, 3	 0x0<-zero zero<-0x0 pc<-0x10380 
RevCPU[cpu:InstTrace:27301000]: Core 0 ; Thread 0]; *I 0x10380:fec42703    lw      a4, -20(s0)	 0x3ffffba0<-s0 0x000186a0<-[0x3ffffb8c,4] a4<-0x186a0 
RevCPU[cpu:InstTrace:27302000]: Core 0 ; Thread 0]; *I 0x10384:000187b7    lui     a5, 0x18	 a5<-0x18000 
RevCPU[cpu:InstTrace:27303000]: Core 0 ; Thread 0]; *I 0x10388:6a078793    addi    a5, a5, 1696	 0x18000<-a5 a5<-0x186a0 
RevCPU[cpu:InstTrace:27304000]: Core 0 ; Thread 0]; *I 0x1038c:00f70463    beq     a4, a5, pc + 8	 0x186a0<-a4 0x186a0<-a5 pc<-0x10394 
RevCPU[cpu:InstTrace:27305000]: Core 0 ; Thread 0]; *I 0x10394:00204013  - xori    zero, zero, 2	 0x0<-zero zero<-0x0 
RevCPU[cpu:InstTrace:27357000]: Core 0 ; Thread 0]; *I 0x103c0:00304013  + xori    zero, zero, 3	 0x0<-zero zero<-0x0 pc<-0x103c4 
RevCPU[cpu:InstTrace:27358000]: Core 0 ; Thread 0]; *I 0x103c4:fe442703    lw      a4, -28(s0)	 0x3ffffba0<-s0 0x0000000a<-[0x3ffffb84,4] a4<-0xa 
RevCPU[cpu:InstTrace:27359000]: Core 0 ; Thread 0]; *I 0x103c8:fe042783    lw      a5, -32(s0)	 0x3ffffba0<-s0 0xfffffff6<-[0x3ffffb80,4] a5<-0xfffffffffffffff6 
RevCPU[cpu:InstTrace:27360000]: Core 0 ; Thread 0]; *I 0x103cc:40f707b3    sub     a5, a4, a5	 0xa<-a4 0xfffffffffffffff6<-a5 a5<-0x14 
RevCPU[cpu:InstTrace:27361000]: Core 0 ; Thread 0]; *I 0x103d0:fcf42e23    sw      a5, -36(s0)	 0x3ffffba0<-s0 0x14<-a5 [0x3ffffb7c,4]<-0x00000014 
RevCPU[cpu:InstTrace:27362000]: Core 0 ; Thread 0]; *I 0x103d4:fdc42783    lw      a5, -36(s0)	 0x3ffffba0<-s0 0x00000014<-[0x3ffffb7c,4] a5<-0x14 
RevCPU[cpu:InstTrace:27363000]: Core 0 ; Thread 0]; *I 0x103d8:0017b793    seqz    a5, a5	 0x14<-a5 a5<-0x0 
RevCPU[cpu:InstTrace:27364000]: Core 0 ; Thread 0]; *I 0x103dc:0ff7f793    andi    a5, a5, 255	 0x0<-a5 a5<-0x0 
RevCPU[cpu:InstTrace:27365000]: Core 0 ; Thread 0]; *I 0x103e0:00078463    beqz    a5, pc + 8	 0x0<-a5 0x0<-zero pc<-0x103e8 <$x> 
RevCPU[cpu:InstTrace:27366000]: Core 0 ; Thread 0]; *I 0x103e8:00204013  - xori    zero, zero, 2	 0x0<-zero zero<-0x0 
RevCPU[cpu:InstTrace:27412000]: Core 0 ; Thread 0]; *I 0x103c0:00304013  + xori    zero, zero, 3	 0x0<-zero zero<-0x0 pc<-0x103c4 
RevCPU[cpu:InstTrace:27413000]: Core 0 ; Thread 0]; *I 0x103c4:fe442703    lw      a4, -28(s0)	 0x3ffffba0<-s0 0x0000000a<-[0x3ffffb84,4] a4<-0xa 
RevCPU[cpu:InstTrace:27414000]: Core 0 ; Thread 0]; *I 0x103c8:fe042783    lw      a5, -32(s0)	 0x3ffffba0<-s0 0x00000000<-[0x3ffffb80,4] a5<-0x0 
RevCPU[cpu:InstTrace:27415000]: Core 0 ; Thread 0]; *I 0x103cc:40f707b3    sub     a5, a4, a5	 0xa<-a4 0x0<-a5 a5<-0xa 
RevCPU[cpu:InstTrace:27416000]: Core 0 ; Thread 0]; *I 0x103d0:fcf42e23    sw      a5, -36(s0)	 0x3ffffba0<-s0 0xa<-a5 [0x3ffffb7c,4]<-0x0000000a 
RevCPU[cpu:InstTrace:27417000]: Core 0 ; Thread 0]; *I 0x103d4:fdc42783    lw      a5, -36(s0)	 0x3ffffba0<-s0 0x0000000a<-[0x3ffffb7c,4] a5<-0xa 
RevCPU[cpu:InstTrace:27418000]: Core 0 ; Thread 0]; *I 0x103d8:0017b793    seqz    a5, a5	 0xa<-a5 a5<-0x0 
RevCPU[cpu:InstTrace:27419000]: Core 0 ; Thread 0]; *I 0x103dc:0ff7f793    andi    a5, a5, 255	 0x0<-a5 a5<-0x0 
RevCPU[cpu:InstTrace:27420000]: Core 0 ; Thread 0]; *I 0x103e0:00078463    beqz    a5, pc + 8	 0x0<-a5 0x0<-zero pc<-0x103e8 <$x> 
RevCPU[cpu:InstTrace:27421000]: Core 0 ; Thread 0]; *I 0x103e8:00204013  - xori    zero, zero, 2	 0x0<-zero zero<-0x0 
RevCPU[cpu:InstTrace:27434000]: Core 0 ; Thread 0]; *I 0x1041c:00104013  + xori    zero, zero, 1	 0x0<-zero zero<-0x0 pc<-0x10420 
RevCPU[cpu:InstTrace:27435000]: Core 0 ; Thread 0]; *I 0x10420:1ace57b7    lui     a5, 0x1ace5	 a5<-0x1ace5000 
RevCPU[cpu:InstTrace:27436000]: Core 0 ; Thread 0]; *I 0x10424:fee78793    addi    a5, a5, -18	 0x1ace5000<-a5 a5<-0x1ace4fee 
RevCPU[cpu:InstTrace:27437000]: Core 0 ; Thread 0]; *I 0x10428:fcf42c23    sw      a5, -40(s0)	 0x3ffffba0<-s0 0x1ace4fee<-a5 [0x3ffffb78,4]<-0x1ace4fee 
RevCPU[cpu:InstTrace:27438000]: Core 0 ; Thread 0]; *I 0x1042c:fd840793    addi    a5, s0, -40	 0x3ffffba0<-s0 a5<-0x3ffffb78 
RevCPU[cpu:InstTrace:27439000]: Core 0 ; Thread 0]; *I 0x10430:00500e13    li      t3, 5	 0x0<-zero t3<-0x5 
RevCPU[cpu:InstTrace:27440000]: Core 0 ; Thread 0]; *I 0x10434:0007ae83    lw      t4, 0(a5)	 0x3ffffb78<-a5 0x1ace4fee<-[0x3ffffb78,4] t4<-0x1ace4fee 
RevCPU[cpu:InstTrace:27441000]: Core 0 ; Thread 0]; *I 0x10438:fffe0e13    addi    t3, t3, -1	 0x5<-t3 t3<-0x4 
RevCPU[cpu:InstTrace:27442000]: Core 0 ; Thread 0]; *I 0x1043c:001e8e93    addi    t4, t4, 1	 0x1ace4fee<-t4 t4<-0x1ace4fef 
RevCPU[cpu:InstTrace:27443000]: Core 0 ; Thread 0]; *I 0x10440:01d7a023    sw      t4, 0(a5)	 0x3ffffb78<-a5 0x1ace4fef<-t4 [0x3ffffb78,4]<-0x1ace4fef 
RevCPU[cpu:InstTrace:27444000]: Core 0 ; Thread 0]; *I 0x10444:fe0e18e3    bnez    t3, pc - 16	 0x4<-t3 0x0<-zero pc<-0x10434 <mem_loop> 
RevCPU[cpu:InstTrace:27445000]: Core 0 ; Thread 0]; *I 0x10434:0007ae83    lw      t4, 0(a5)	 0x3ffffb78<-a5 0x1ace4fef<-[0x3ffffb78,4] t4<-0x1ace4fef 
RevCPU[cpu:InstTrace:27446000]: Core 0 ; Thread 0]; *I 0x10438:fffe0e13    addi    t3, t3, -1	 0x4<-t3 t3<-0x3 
RevCPU[cpu:InstTrace:27447000]: Core 0 ; Thread 0]; *I 0x1043c:001e8e93    addi    t4, t4, 1	 0x1ace4fef<-t4 t4<-0x1ace4ff0 
RevCPU[cpu:InstTrace:27448000]: Core 0 ; Thread 0]; *I 0x10440:01d7a023    sw      t4, 0(a5)	 0x3ffffb78<-a5 0x1ace4ff0<-t4 [0x3ffffb78,4]<-0x1ace4ff0 
RevCPU[cpu:InstTrace:27449000]: Core 0 ; Thread 0]; *I 0x10444:fe0e18e3    bnez    t3, pc - 16	 0x3<-t3 0x0<-zero pc<-0x10434 <mem_loop> 
RevCPU[cpu:InstTrace:27450000]: Core 0 ; Thread 0]; *I 0x10434:0007ae83    lw      t4, 0(a5)	 0x3ffffb78<-a5 0x1ace4ff0<-[0x3ffffb78,4] t4<-0x1ace4ff0 
RevCPU[cpu:InstTrace:27451000]: Core 0 ; Thread 0]; *I 0x10438:fffe0e13    addi    t3, t3, -1	 0x3<-t3 t3<-0x2 
RevCPU[cpu:InstTrace:27452000]: Core 0 ; Thread 0]; *I 0x1043c:001e8e93    addi    t4, t4, 1	 0x1ace4ff0<-t4 t4<-0x1ace4ff1 
RevCPU[cpu:InstTrace:27453000]: Core 0 ; Thread 0]; *I 0x10440:01d7a023    sw      t4, 0(a5)	 0x3ffffb78<-a5 0x1ace4ff1<-t4 [0x3ffffb78,4]<-0x1ace4ff1 
RevCPU[cpu:InstTrace:27454000]: Core 0 ; Thread 0]; *I 0x10444:fe0e18e3    bnez    t3, pc - 16	 0x2<-t3 0x0<-zero pc<-0x10434 <mem_loop> 
RevCPU[cpu:InstTrace:27455000]: Core 0 ; Thread 0]; *I 0x10434:0007ae83    lw      t4, 0(a5)	 0x3ffffb78<-a5 0x1ace4ff1<-[0x3ffffb78,4] t4<-0x1ace4ff1 
RevCPU[cpu:InstTrace:27456000]: Core 0 ; Thread 0]; *I 0x10438:fffe0e13    addi    t3, t3, -1	 0x2<-t3 t3<-0x1 
RevCPU[cpu:InstTrace:27457000]: Core 0 ; Thread 0]; *I 0x1043c:001e8e93    addi    t4, t4, 1	 0x1ace4ff1<-t4 t4<-0x1ace4ff2 
RevCPU[cpu:InstTrace:27458000]: Core 0 ; Thread 0]; *I 0x10440:01d7a023    sw      t4, 0(a5)	 0x3ffffb78<-a5 0x1ace4ff2<-t4 [0x3ffffb78,4]<-0x1ace4ff2 
RevCPU[cpu:InstTrace:27459000]: Core 0 ; Thread 0]; *I 0x10444:fe0e18e3    bnez    t3, pc - 16	 0x1<-t3 0x0<-zero pc<-0x10434 <mem_loop> 
RevCPU[cpu:InstTrace:27460000]: Core 0 ; Thread 0]; *I 0x10434:0007ae83    lw      t4, 0(a5)	 0x3ffffb78<-a5 0x1ace4ff2<-[0x3ffffb78,4] t4<-0x1ace4ff2 
RevCPU[cpu:InstTrace:27461000]: Core 0 ; Thread 0]; *I 0x10438:fffe0e13    addi    t3, t3, -1	 0x1<-t3 t3<-0x0 
RevCPU[cpu:InstTrace:27462000]: Core 0 ; Thread 0]; *I 0x1043c:001e8e93    addi    t4, t4, 1	 0x1ace4ff2<-t4 t4<-0x1ace4ff3 
RevCPU[cpu:InstTrace:27463000]: Core 0 ; Thread 0]; *I 0x10440:01d7a023    sw      t4, 0(a5)	 0x3ffffb78<-a5 0x1ace4ff3<-t4 [0x3ffffb78,4]<-0x1ace4ff3 
RevCPU[cpu:InstTrace:27464000]: Core 0 ; Thread 0]; *I 0x10444:fe0e18e3    bnez    t3, pc - 16	 0x0<-t3 0x0<-zero 
RevCPU[cpu:InstTrace:27465000]: Core 0 ; Thread 0]; *I 0x10448:00004013  - xori    zero, zero, 0	 0x0<-zero zero<-0x0 
RevCPU[cpu:PrintStatSummary:27471000]: Program execution complete
RevCPU[cpu:PrintStatSummary:27471000]: Program Stats: Total Cycles: 27471 Busy Cycles: 27460 Idle Cycles: 11 Eff: 0.999600
RevCPU[cpu:PrintStatSummary:27471000]: 	 Bytes Read: 45756 Bytes Written: 27851 Floats Read: 0 Doubles Read 0 Floats Exec: 0 TLB Hits: 17305 TLB Misses: 267 Inst Retired: 27460
RevCPU[cpu:clockTick:27471000]: OK to end sim at cycle: 27471
Simulation is complete, simulated time: 27.471 us
